[log/androidemulator-5554 INFO ] 2020-11-26 10:21:40.408 BaseTest:155 - log path : log/androidemulator-5554
[log/androidemulator-5554 INFO ] 2020-11-26 10:21:40.412 BaseTest:160 - logconfig.properties
[log/androidemulator-5554 INFO ] 2020-11-26 10:21:40.413 BaseTest:165 - logstrings/strings.xml
[log/androidemulator-5554 INFO ] 2020-11-26 10:21:50.800 BaseTest:176 - driver initialized : io.appium.java_client.android.AndroidDriver, Capabilities: {appActivity=com.woowahan.vn.baemin.MainActivity, appPackage=com.woowahan.vn.baemin.dev, databaseEnabled=false, desired={platformName=android, appActivity=com.woowahan.vn.baemin.MainActivity, appPackage=com.woowahan.vn.baemin.dev, deviceName=emulator-5554}, deviceApiLevel=26, deviceManufacturer=Google, deviceModel=Android SDK built for x86, deviceName=emulator-5554, deviceScreenDensity=320, deviceScreenSize=720x1280, deviceUDID=emulator-5554, javascriptEnabled=true, locationContextEnabled=false, networkConnectionEnabled=true, pixelRatio=2, platform=LINUX, platformName=android, platformVersion=8.0.0, statBarHeight=48, takesScreenshot=true, viewportRect={left=0, top=48, width=720, height=1136}, warnings={}, webStorageEnabled=false}
[log/androidemulator-5554 ERROR] 2020-11-26 10:22:14.909 TestListeners:45 - 
[log/androidemulator-5554 INFO ] 2020-11-26 10:22:35.973 BaseTest:155 - log path : log/androidemulator-5554
[log/androidemulator-5554 INFO ] 2020-11-26 10:22:35.976 BaseTest:160 - logconfig.properties
[log/androidemulator-5554 INFO ] 2020-11-26 10:22:35.977 BaseTest:165 - logstrings/strings.xml
[log/androidemulator-5554 INFO ] 2020-11-26 10:22:43.745 BaseTest:176 - driver initialized : io.appium.java_client.android.AndroidDriver, Capabilities: {appActivity=com.woowahan.vn.baemin.MainActivity, appPackage=com.woowahan.vn.baemin.dev, databaseEnabled=false, desired={platformName=android, appActivity=com.woowahan.vn.baemin.MainActivity, appPackage=com.woowahan.vn.baemin.dev, deviceName=emulator-5554}, deviceApiLevel=26, deviceManufacturer=Google, deviceModel=Android SDK built for x86, deviceName=emulator-5554, deviceScreenDensity=320, deviceScreenSize=720x1280, deviceUDID=emulator-5554, javascriptEnabled=true, locationContextEnabled=false, networkConnectionEnabled=true, pixelRatio=2, platform=LINUX, platformName=android, platformVersion=8.0.0, statBarHeight=48, takesScreenshot=true, viewportRect={left=0, top=48, width=720, height=1136}, warnings={}, webStorageEnabled=false}
[log/androidemulator-5554 ERROR] 2020-11-26 10:23:15.549 TestListeners:45 - 
[log/androidemulator-5554 ERROR] 2020-11-26 10:23:15.558 TestListeners:45 - 
[log/androidemulator-5554 INFO ] 2020-11-26 10:32:18.958 BaseTest:155 - log path : log/androidemulator-5554
[log/androidemulator-5554 INFO ] 2020-11-26 10:32:18.961 BaseTest:160 - logconfig.properties
[log/androidemulator-5554 INFO ] 2020-11-26 10:32:18.962 BaseTest:165 - logstrings/strings.xml
[log/androidemulator-5554 INFO ] 2020-11-26 10:32:29.474 BaseTest:176 - driver initialized : io.appium.java_client.android.AndroidDriver, Capabilities: {appActivity=com.woowahan.vn.baemin.MainActivity, appPackage=com.woowahan.vn.baemin.dev, databaseEnabled=false, desired={platformName=android, appActivity=com.woowahan.vn.baemin.MainActivity, appPackage=com.woowahan.vn.baemin.dev, deviceName=emulator-5554}, deviceApiLevel=26, deviceManufacturer=Google, deviceModel=Android SDK built for x86, deviceName=emulator-5554, deviceScreenDensity=320, deviceScreenSize=720x1280, deviceUDID=emulator-5554, javascriptEnabled=true, locationContextEnabled=false, networkConnectionEnabled=true, pixelRatio=2, platform=LINUX, platformName=android, platformVersion=8.0.0, statBarHeight=48, takesScreenshot=true, viewportRect={left=0, top=48, width=720, height=1136}, warnings={}, webStorageEnabled=false}
[log/androidemulator-5554 ERROR] 2020-11-26 10:33:19.149 TestListeners:45 - 
[log/androidemulator-5554 ERROR] 2020-11-26 10:34:08.781 TestListeners:45 - 
[log/androidemulator-5554 INFO ] 2020-11-26 10:34:34.450 BaseTest:155 - log path : log/androidemulator-5554
[log/androidemulator-5554 INFO ] 2020-11-26 10:34:34.454 BaseTest:160 - logconfig.properties
[log/androidemulator-5554 INFO ] 2020-11-26 10:34:34.455 BaseTest:165 - logstrings/strings.xml
[log/androidemulator-5554 INFO ] 2020-11-26 10:34:42.103 BaseTest:176 - driver initialized : io.appium.java_client.android.AndroidDriver, Capabilities: {appActivity=com.woowahan.vn.baemin.MainActivity, appPackage=com.woowahan.vn.baemin.dev, databaseEnabled=false, desired={platformName=android, appActivity=com.woowahan.vn.baemin.MainActivity, appPackage=com.woowahan.vn.baemin.dev, deviceName=emulator-5554}, deviceApiLevel=26, deviceManufacturer=Google, deviceModel=Android SDK built for x86, deviceName=emulator-5554, deviceScreenDensity=320, deviceScreenSize=720x1280, deviceUDID=emulator-5554, javascriptEnabled=true, locationContextEnabled=false, networkConnectionEnabled=true, pixelRatio=2, platform=LINUX, platformName=android, platformVersion=8.0.0, statBarHeight=48, takesScreenshot=true, viewportRect={left=0, top=48, width=720, height=1136}, warnings={}, webStorageEnabled=false}
[log/androidemulator-5554 ERROR] 2020-11-26 10:36:11.556 TestListeners:45 - 
[log/androidemulator-5554 INFO ] 2020-11-26 10:53:41.771 BaseTest:155 - log path : log/androidemulator-5554
[log/androidemulator-5554 INFO ] 2020-11-26 10:53:41.776 BaseTest:160 - logconfig.properties
[log/androidemulator-5554 INFO ] 2020-11-26 10:53:41.777 BaseTest:165 - logstrings/strings.xml
[log/androidemulator-5554 INFO ] 2020-11-26 10:53:48.357 BaseTest:176 - driver initialized : io.appium.java_client.android.AndroidDriver, Capabilities: {appActivity=com.woowahan.vn.baemin.MainActivity, appPackage=com.woowahan.vn.baemin.dev, databaseEnabled=false, desired={platformName=android, appActivity=com.woowahan.vn.baemin.MainActivity, appPackage=com.woowahan.vn.baemin.dev, deviceName=emulator-5554}, deviceApiLevel=26, deviceManufacturer=Google, deviceModel=Android SDK built for x86, deviceName=emulator-5554, deviceScreenDensity=320, deviceScreenSize=720x1280, deviceUDID=emulator-5554, javascriptEnabled=true, locationContextEnabled=false, networkConnectionEnabled=true, pixelRatio=2, platform=LINUX, platformName=android, platformVersion=8.0.0, statBarHeight=48, takesScreenshot=true, viewportRect={left=0, top=48, width=720, height=1136}, warnings={}, webStorageEnabled=false}
[log/androidemulator-5554 ERROR] 2020-11-26 10:55:29.151 TestListeners:45 - 
