[log/androidemulator-5554 INFO ] 2020-12-22 10:32:44.944 BaseTest:158 - log path : log/androidemulator-5554
[log/androidemulator-5554 INFO ] 2020-12-22 10:32:44.948 BaseTest:163 - logconfig.properties
[log/androidemulator-5554 INFO ] 2020-12-22 10:32:44.949 BaseTest:168 - logstrings/strings.xml
[log/androidemulator-5554 INFO ] 2020-12-22 10:32:46.885 BaseTest:181 - driver initialization failure org.openqa.selenium.SessionNotCreatedException: Unable to create a new remote session. Please check the server log for more details. Original error: An unknown server-side error occurred while processing the command. Original error: The JAVA_HOME environment variable must be set for Android Tools to work properly
Build info: version: '3.141.59', revision: 'e82be7d358', time: '2018-11-14T08:17:03'
System info: host: 'BAEMINs-MacBook-Pro.local', ip: 'fe80:0:0:0:14c7:1a11:e87b:37b%en0', os.name: 'Mac OS X', os.arch: 'x86_64', os.version: '10.15.7', java.version: '1.8.0_261'
Driver info: driver.version: AndroidDriver
remote stacktrace: UnknownError: An unknown server-side error occurred while processing the command. Original error: The JAVA_HOME environment variable must be set for Android Tools to work properly
    at getResponseForW3CError (/usr/local/lib/node_modules/appium/node_modules/appium-base-driver/lib/protocol/errors.js:804:9)
    at asyncHandler (/usr/local/lib/node_modules/appium/node_modules/appium-base-driver/lib/protocol/protocol.js:381:37)
Build info: version: '3.141.59', revision: 'e82be7d358', time: '2018-11-14T08:17:03'
System info: host: 'BAEMINs-MacBook-Pro.local', ip: 'fe80:0:0:0:14c7:1a11:e87b:37b%en0', os.name: 'Mac OS X', os.arch: 'x86_64', os.version: '10.15.7', java.version: '1.8.0_261'
Driver info: driver.version: AndroidDriver
[log/androidemulator-5554 ERROR] 2020-12-22 10:32:46.907 TestListeners:72 - java.io.PrintWriter@3054b5bc
[log/androidemulator-5554 INFO ] 2020-12-22 10:33:58.213 BaseTest:158 - log path : log/androidemulator-5554
[log/androidemulator-5554 INFO ] 2020-12-22 10:33:58.215 BaseTest:163 - logconfig.properties
[log/androidemulator-5554 INFO ] 2020-12-22 10:33:58.216 BaseTest:168 - logstrings/strings.xml
[log/androidemulator-5554 INFO ] 2020-12-22 10:34:10.155 BaseTest:179 - driver initialized : io.appium.java_client.android.AndroidDriver, Capabilities: {appActivity=com.woowahan.vn.baemin.MainActivity, appPackage=com.woowahan.vn.baemin.dev, databaseEnabled=false, desired={platformName=android, appActivity=com.woowahan.vn.baemin.MainActivity, appPackage=com.woowahan.vn.baemin.dev, deviceName=emulator-5554}, deviceApiLevel=26, deviceManufacturer=Google, deviceModel=Android SDK built for x86, deviceName=emulator-5554, deviceScreenDensity=480, deviceScreenSize=1080x1920, deviceUDID=emulator-5554, javascriptEnabled=true, locationContextEnabled=false, networkConnectionEnabled=true, pixelRatio=3, platform=LINUX, platformName=android, platformVersion=8.0.0, statBarHeight=72, takesScreenshot=true, viewportRect={left=0, top=72, width=1080, height=1704}, warnings={}, webStorageEnabled=false}
[log/androidemulator-5554 INFO ] 2020-12-22 10:37:22.217 BaseTest:158 - log path : log/androidemulator-5554
[log/androidemulator-5554 INFO ] 2020-12-22 10:37:22.221 BaseTest:163 - logconfig.properties
[log/androidemulator-5554 INFO ] 2020-12-22 10:37:22.222 BaseTest:168 - logstrings/strings.xml
[log/androidemulator-5554 INFO ] 2020-12-22 10:37:29.521 BaseTest:179 - driver initialized : io.appium.java_client.android.AndroidDriver, Capabilities: {appActivity=com.woowahan.vn.baemin.MainActivity, appPackage=com.woowahan.vn.baemin.dev, databaseEnabled=false, desired={platformName=android, appActivity=com.woowahan.vn.baemin.MainActivity, appPackage=com.woowahan.vn.baemin.dev, deviceName=emulator-5554}, deviceApiLevel=26, deviceManufacturer=Google, deviceModel=Android SDK built for x86, deviceName=emulator-5554, deviceScreenDensity=480, deviceScreenSize=1080x1920, deviceUDID=emulator-5554, javascriptEnabled=true, locationContextEnabled=false, networkConnectionEnabled=true, pixelRatio=3, platform=LINUX, platformName=android, platformVersion=8.0.0, statBarHeight=72, takesScreenshot=true, viewportRect={left=0, top=72, width=1080, height=1704}, warnings={}, webStorageEnabled=false}
[log/androidemulator-5554 INFO ] 2020-12-22 10:47:18.857 BaseTest:158 - log path : log/androidemulator-5554
[log/androidemulator-5554 INFO ] 2020-12-22 10:47:18.860 BaseTest:163 - logconfig.properties
[log/androidemulator-5554 INFO ] 2020-12-22 10:47:18.861 BaseTest:168 - logstrings/strings.xml
[log/androidemulator-5554 INFO ] 2020-12-22 10:47:25.772 BaseTest:179 - driver initialized : io.appium.java_client.android.AndroidDriver, Capabilities: {appActivity=com.woowahan.vn.baemin.MainActivity, appPackage=com.woowahan.vn.baemin.dev, databaseEnabled=false, desired={platformName=android, appActivity=com.woowahan.vn.baemin.MainActivity, appPackage=com.woowahan.vn.baemin.dev, deviceName=emulator-5554}, deviceApiLevel=26, deviceManufacturer=Google, deviceModel=Android SDK built for x86, deviceName=emulator-5554, deviceScreenDensity=480, deviceScreenSize=1080x1920, deviceUDID=emulator-5554, javascriptEnabled=true, locationContextEnabled=false, networkConnectionEnabled=true, pixelRatio=3, platform=LINUX, platformName=android, platformVersion=8.0.0, statBarHeight=72, takesScreenshot=true, viewportRect={left=0, top=72, width=1080, height=1704}, warnings={}, webStorageEnabled=false}
