[log/androidemulator-5554 INFO ] 2020-12-16 09:05:45.115 BaseTest:157 - log path : log/androidemulator-5554
[log/androidemulator-5554 INFO ] 2020-12-16 09:05:45.119 BaseTest:162 - logconfig.properties
[log/androidemulator-5554 INFO ] 2020-12-16 09:05:45.120 BaseTest:167 - logstrings/strings.xml
[log/androidemulator-5554 INFO ] 2020-12-16 09:05:47.119 BaseTest:180 - driver initialization failure org.openqa.selenium.SessionNotCreatedException: Unable to create a new remote session. Please check the server log for more details. Original error: An unknown server-side error occurred while processing the command. Original error: The JAVA_HOME environment variable must be set for Android Tools to work properly
Build info: version: '3.141.59', revision: 'e82be7d358', time: '2018-11-14T08:17:03'
System info: host: 'BAEMINs-MacBook-Pro.local', ip: 'fe80:0:0:0:185a:8d06:e853:b030%en0', os.name: 'Mac OS X', os.arch: 'x86_64', os.version: '10.15.7', java.version: '1.8.0_261'
Driver info: driver.version: AndroidDriver
remote stacktrace: UnknownError: An unknown server-side error occurred while processing the command. Original error: The JAVA_HOME environment variable must be set for Android Tools to work properly
    at getResponseForW3CError (/usr/local/lib/node_modules/appium/node_modules/appium-base-driver/lib/protocol/errors.js:804:9)
    at asyncHandler (/usr/local/lib/node_modules/appium/node_modules/appium-base-driver/lib/protocol/protocol.js:381:37)
Build info: version: '3.141.59', revision: 'e82be7d358', time: '2018-11-14T08:17:03'
System info: host: 'BAEMINs-MacBook-Pro.local', ip: 'fe80:0:0:0:185a:8d06:e853:b030%en0', os.name: 'Mac OS X', os.arch: 'x86_64', os.version: '10.15.7', java.version: '1.8.0_261'
Driver info: driver.version: AndroidDriver
[log/androidemulator-5554 ERROR] 2020-12-16 09:05:47.156 TestListeners:72 - java.io.PrintWriter@1d42a49a
[log/androidemulator-5554 INFO ] 2020-12-16 09:06:07.465 BaseTest:157 - log path : log/androidemulator-5554
[log/androidemulator-5554 INFO ] 2020-12-16 09:06:07.468 BaseTest:162 - logconfig.properties
[log/androidemulator-5554 INFO ] 2020-12-16 09:06:07.469 BaseTest:167 - logstrings/strings.xml
[log/androidemulator-5554 INFO ] 2020-12-16 09:06:17.078 BaseTest:178 - driver initialized : io.appium.java_client.android.AndroidDriver, Capabilities: {appActivity=com.woowahan.vn.baemin.MainActivity, appPackage=com.woowahan.vn.baemin.dev, databaseEnabled=false, desired={platformName=android, appActivity=com.woowahan.vn.baemin.MainActivity, appPackage=com.woowahan.vn.baemin.dev, deviceName=emulator-5554}, deviceApiLevel=26, deviceManufacturer=Google, deviceModel=Android SDK built for x86, deviceName=emulator-5554, deviceScreenDensity=320, deviceScreenSize=720x1280, deviceUDID=emulator-5554, javascriptEnabled=true, locationContextEnabled=false, networkConnectionEnabled=true, pixelRatio=2, platform=LINUX, platformName=android, platformVersion=8.0.0, statBarHeight=48, takesScreenshot=true, viewportRect={left=0, top=48, width=720, height=1136}, warnings={}, webStorageEnabled=false}
[log/androidemulator-5554 ERROR] 2020-12-16 09:06:37.046 TestListeners:72 - java.io.PrintWriter@1f10ae1e
[log/androidemulator-5554 ERROR] 2020-12-16 09:06:58.795 TestListeners:72 - java.io.PrintWriter@4fcbdd5d
[log/androidemulator-5554 INFO ] 2020-12-16 10:00:00.897 BaseTest:157 - log path : log/androidemulator-5554
[log/androidemulator-5554 INFO ] 2020-12-16 10:00:00.900 BaseTest:162 - logconfig.properties
[log/androidemulator-5554 INFO ] 2020-12-16 10:00:00.901 BaseTest:167 - logstrings/strings.xml
[log/androidemulator-5554 INFO ] 2020-12-16 10:00:07.259 BaseTest:178 - driver initialized : io.appium.java_client.android.AndroidDriver, Capabilities: {appActivity=com.woowahan.vn.baemin.MainActivity, appPackage=com.woowahan.vn.baemin.dev, databaseEnabled=false, desired={platformName=android, appActivity=com.woowahan.vn.baemin.MainActivity, appPackage=com.woowahan.vn.baemin.dev, deviceName=emulator-5554}, deviceApiLevel=26, deviceManufacturer=Google, deviceModel=Android SDK built for x86, deviceName=emulator-5554, deviceScreenDensity=320, deviceScreenSize=720x1280, deviceUDID=emulator-5554, javascriptEnabled=true, locationContextEnabled=false, networkConnectionEnabled=true, pixelRatio=2, platform=LINUX, platformName=android, platformVersion=8.0.0, statBarHeight=48, takesScreenshot=true, viewportRect={left=0, top=48, width=720, height=1136}, warnings={}, webStorageEnabled=false}
[log/androidemulator-5554 ERROR] 2020-12-16 10:00:32.899 TestListeners:72 - java.io.PrintWriter@446a5c00
[log/androidemulator-5554 INFO ] 2020-12-16 10:01:08.414 BaseTest:157 - log path : log/androidemulator-5554
[log/androidemulator-5554 INFO ] 2020-12-16 10:01:08.417 BaseTest:162 - logconfig.properties
[log/androidemulator-5554 INFO ] 2020-12-16 10:01:08.418 BaseTest:167 - logstrings/strings.xml
[log/androidemulator-5554 INFO ] 2020-12-16 10:01:16.691 BaseTest:178 - driver initialized : io.appium.java_client.android.AndroidDriver, Capabilities: {appActivity=com.woowahan.vn.baemin.MainActivity, appPackage=com.woowahan.vn.baemin.dev, databaseEnabled=false, desired={platformName=android, appActivity=com.woowahan.vn.baemin.MainActivity, appPackage=com.woowahan.vn.baemin.dev, deviceName=emulator-5554}, deviceApiLevel=26, deviceManufacturer=Google, deviceModel=Android SDK built for x86, deviceName=emulator-5554, deviceScreenDensity=320, deviceScreenSize=720x1280, deviceUDID=emulator-5554, javascriptEnabled=true, locationContextEnabled=false, networkConnectionEnabled=true, pixelRatio=2, platform=LINUX, platformName=android, platformVersion=8.0.0, statBarHeight=48, takesScreenshot=true, viewportRect={left=0, top=48, width=720, height=1136}, warnings={}, webStorageEnabled=false}
[log/androidemulator-5554 ERROR] 2020-12-16 10:01:35.999 TestListeners:72 - java.io.PrintWriter@78110504
[log/androidemulator-5554 ERROR] 2020-12-16 10:01:36.030 TestListeners:72 - java.io.PrintWriter@4a163139
[log/androidemulator-5554 INFO ] 2020-12-16 10:01:59.217 BaseTest:157 - log path : log/androidemulator-5554
[log/androidemulator-5554 INFO ] 2020-12-16 10:01:59.221 BaseTest:162 - logconfig.properties
[log/androidemulator-5554 INFO ] 2020-12-16 10:01:59.222 BaseTest:167 - logstrings/strings.xml
[log/androidemulator-5554 INFO ] 2020-12-16 10:02:05.452 BaseTest:178 - driver initialized : io.appium.java_client.android.AndroidDriver, Capabilities: {appActivity=com.woowahan.vn.baemin.MainActivity, appPackage=com.woowahan.vn.baemin.dev, databaseEnabled=false, desired={platformName=android, appActivity=com.woowahan.vn.baemin.MainActivity, appPackage=com.woowahan.vn.baemin.dev, deviceName=emulator-5554}, deviceApiLevel=26, deviceManufacturer=Google, deviceModel=Android SDK built for x86, deviceName=emulator-5554, deviceScreenDensity=320, deviceScreenSize=720x1280, deviceUDID=emulator-5554, javascriptEnabled=true, locationContextEnabled=false, networkConnectionEnabled=true, pixelRatio=2, platform=LINUX, platformName=android, platformVersion=8.0.0, statBarHeight=48, takesScreenshot=true, viewportRect={left=0, top=48, width=720, height=1136}, warnings={}, webStorageEnabled=false}
[log/androidemulator-5554 ERROR] 2020-12-16 10:02:24.108 TestListeners:72 - java.io.PrintWriter@27e89266
[log/androidemulator-5554 ERROR] 2020-12-16 10:02:45.060 TestListeners:72 - java.io.PrintWriter@39260603
[log/androidemulator-5554 INFO ] 2020-12-16 10:04:32.851 BaseTest:157 - log path : log/androidemulator-5554
[log/androidemulator-5554 INFO ] 2020-12-16 10:04:32.853 BaseTest:162 - logconfig.properties
[log/androidemulator-5554 INFO ] 2020-12-16 10:04:32.854 BaseTest:167 - logstrings/strings.xml
[log/androidemulator-5554 INFO ] 2020-12-16 10:04:39.144 BaseTest:178 - driver initialized : io.appium.java_client.android.AndroidDriver, Capabilities: {appActivity=com.woowahan.vn.baemin.MainActivity, appPackage=com.woowahan.vn.baemin.dev, databaseEnabled=false, desired={platformName=android, appActivity=com.woowahan.vn.baemin.MainActivity, appPackage=com.woowahan.vn.baemin.dev, deviceName=emulator-5554}, deviceApiLevel=26, deviceManufacturer=Google, deviceModel=Android SDK built for x86, deviceName=emulator-5554, deviceScreenDensity=320, deviceScreenSize=720x1280, deviceUDID=emulator-5554, javascriptEnabled=true, locationContextEnabled=false, networkConnectionEnabled=true, pixelRatio=2, platform=LINUX, platformName=android, platformVersion=8.0.0, statBarHeight=48, takesScreenshot=true, viewportRect={left=0, top=48, width=720, height=1136}, warnings={}, webStorageEnabled=false}
[log/androidemulator-5554 INFO ] 2020-12-16 14:58:11.023 BaseTest:157 - log path : log/androidemulator-5554
[log/androidemulator-5554 INFO ] 2020-12-16 14:58:11.027 BaseTest:162 - logconfig.properties
[log/androidemulator-5554 INFO ] 2020-12-16 14:58:11.027 BaseTest:167 - logstrings/strings.xml
[log/androidemulator-5554 INFO ] 2020-12-16 14:58:20.729 BaseTest:178 - driver initialized : io.appium.java_client.android.AndroidDriver, Capabilities: {appActivity=com.woowahan.vn.baemin.MainActivity, appPackage=com.woowahan.vn.baemin.dev, databaseEnabled=false, desired={platformName=android, appActivity=com.woowahan.vn.baemin.MainActivity, appPackage=com.woowahan.vn.baemin.dev, deviceName=emulator-5554}, deviceApiLevel=26, deviceManufacturer=Google, deviceModel=Android SDK built for x86, deviceName=emulator-5554, deviceScreenDensity=320, deviceScreenSize=720x1280, deviceUDID=emulator-5554, javascriptEnabled=true, locationContextEnabled=false, networkConnectionEnabled=true, pixelRatio=2, platform=LINUX, platformName=android, platformVersion=8.0.0, statBarHeight=48, takesScreenshot=true, viewportRect={left=0, top=48, width=720, height=1136}, warnings={}, webStorageEnabled=false}
[log/androidemulator-5554 ERROR] 2020-12-16 14:59:13.319 TestListeners:72 - java.io.PrintWriter@156d62a8
[log/androidemulator-5554 INFO ] 2020-12-16 15:00:11.999 BaseTest:157 - log path : log/androidemulator-5554
[log/androidemulator-5554 INFO ] 2020-12-16 15:00:12.002 BaseTest:162 - logconfig.properties
[log/androidemulator-5554 INFO ] 2020-12-16 15:00:12.003 BaseTest:167 - logstrings/strings.xml
[log/androidemulator-5554 INFO ] 2020-12-16 15:00:19.128 BaseTest:178 - driver initialized : io.appium.java_client.android.AndroidDriver, Capabilities: {appActivity=com.woowahan.vn.baemin.MainActivity, appPackage=com.woowahan.vn.baemin.dev, databaseEnabled=false, desired={platformName=android, appActivity=com.woowahan.vn.baemin.MainActivity, appPackage=com.woowahan.vn.baemin.dev, deviceName=emulator-5554}, deviceApiLevel=26, deviceManufacturer=Google, deviceModel=Android SDK built for x86, deviceName=emulator-5554, deviceScreenDensity=320, deviceScreenSize=720x1280, deviceUDID=emulator-5554, javascriptEnabled=true, locationContextEnabled=false, networkConnectionEnabled=true, pixelRatio=2, platform=LINUX, platformName=android, platformVersion=8.0.0, statBarHeight=48, takesScreenshot=true, viewportRect={left=0, top=48, width=720, height=1136}, warnings={}, webStorageEnabled=false}
[log/androidemulator-5554 ERROR] 2020-12-16 15:00:31.956 TestListeners:72 - java.io.PrintWriter@4e756b64
[log/androidemulator-5554 INFO ] 2020-12-16 15:00:52.124 BaseTest:157 - log path : log/androidemulator-5554
[log/androidemulator-5554 INFO ] 2020-12-16 15:00:52.129 BaseTest:162 - logconfig.properties
[log/androidemulator-5554 INFO ] 2020-12-16 15:00:52.130 BaseTest:167 - logstrings/strings.xml
[log/androidemulator-5554 INFO ] 2020-12-16 15:00:59.895 BaseTest:178 - driver initialized : io.appium.java_client.android.AndroidDriver, Capabilities: {appActivity=com.woowahan.vn.baemin.MainActivity, appPackage=com.woowahan.vn.baemin.dev, databaseEnabled=false, desired={platformName=android, appActivity=com.woowahan.vn.baemin.MainActivity, appPackage=com.woowahan.vn.baemin.dev, deviceName=emulator-5554}, deviceApiLevel=26, deviceManufacturer=Google, deviceModel=Android SDK built for x86, deviceName=emulator-5554, deviceScreenDensity=320, deviceScreenSize=720x1280, deviceUDID=emulator-5554, javascriptEnabled=true, locationContextEnabled=false, networkConnectionEnabled=true, pixelRatio=2, platform=LINUX, platformName=android, platformVersion=8.0.0, statBarHeight=48, takesScreenshot=true, viewportRect={left=0, top=48, width=720, height=1136}, warnings={}, webStorageEnabled=false}
[log/androidemulator-5554 ERROR] 2020-12-16 15:01:32.680 TestListeners:72 - java.io.PrintWriter@1999a8f
[log/androidemulator-5554 INFO ] 2020-12-16 15:02:29.964 BaseTest:157 - log path : log/androidemulator-5554
[log/androidemulator-5554 INFO ] 2020-12-16 15:02:29.969 BaseTest:162 - logconfig.properties
[log/androidemulator-5554 INFO ] 2020-12-16 15:02:29.970 BaseTest:167 - logstrings/strings.xml
[log/androidemulator-5554 INFO ] 2020-12-16 15:02:36.093 BaseTest:178 - driver initialized : io.appium.java_client.android.AndroidDriver, Capabilities: {appActivity=com.woowahan.vn.baemin.MainActivity, appPackage=com.woowahan.vn.baemin.dev, databaseEnabled=false, desired={platformName=android, appActivity=com.woowahan.vn.baemin.MainActivity, appPackage=com.woowahan.vn.baemin.dev, deviceName=emulator-5554}, deviceApiLevel=26, deviceManufacturer=Google, deviceModel=Android SDK built for x86, deviceName=emulator-5554, deviceScreenDensity=320, deviceScreenSize=720x1280, deviceUDID=emulator-5554, javascriptEnabled=true, locationContextEnabled=false, networkConnectionEnabled=true, pixelRatio=2, platform=LINUX, platformName=android, platformVersion=8.0.0, statBarHeight=48, takesScreenshot=true, viewportRect={left=0, top=48, width=720, height=1136}, warnings={}, webStorageEnabled=false}
[log/androidemulator-5554 INFO ] 2020-12-16 15:05:07.869 BaseTest:157 - log path : log/androidemulator-5554
[log/androidemulator-5554 INFO ] 2020-12-16 15:05:07.873 BaseTest:162 - logconfig.properties
[log/androidemulator-5554 INFO ] 2020-12-16 15:05:07.874 BaseTest:167 - logstrings/strings.xml
[log/androidemulator-5554 INFO ] 2020-12-16 15:05:14.847 BaseTest:178 - driver initialized : io.appium.java_client.android.AndroidDriver, Capabilities: {appActivity=com.woowahan.vn.baemin.MainActivity, appPackage=com.woowahan.vn.baemin.dev, databaseEnabled=false, desired={platformName=android, appActivity=com.woowahan.vn.baemin.MainActivity, appPackage=com.woowahan.vn.baemin.dev, deviceName=emulator-5554}, deviceApiLevel=26, deviceManufacturer=Google, deviceModel=Android SDK built for x86, deviceName=emulator-5554, deviceScreenDensity=320, deviceScreenSize=720x1280, deviceUDID=emulator-5554, javascriptEnabled=true, locationContextEnabled=false, networkConnectionEnabled=true, pixelRatio=2, platform=LINUX, platformName=android, platformVersion=8.0.0, statBarHeight=48, takesScreenshot=true, viewportRect={left=0, top=48, width=720, height=1136}, warnings={}, webStorageEnabled=false}
[log/androidemulator-5554 INFO ] 2020-12-16 15:07:55.408 BaseTest:157 - log path : log/androidemulator-5554
[log/androidemulator-5554 INFO ] 2020-12-16 15:07:55.411 BaseTest:162 - logconfig.properties
[log/androidemulator-5554 INFO ] 2020-12-16 15:07:55.412 BaseTest:167 - logstrings/strings.xml
[log/androidemulator-5554 INFO ] 2020-12-16 15:08:01.577 BaseTest:178 - driver initialized : io.appium.java_client.android.AndroidDriver, Capabilities: {appActivity=com.woowahan.vn.baemin.MainActivity, appPackage=com.woowahan.vn.baemin.dev, databaseEnabled=false, desired={platformName=android, appActivity=com.woowahan.vn.baemin.MainActivity, appPackage=com.woowahan.vn.baemin.dev, deviceName=emulator-5554}, deviceApiLevel=26, deviceManufacturer=Google, deviceModel=Android SDK built for x86, deviceName=emulator-5554, deviceScreenDensity=320, deviceScreenSize=720x1280, deviceUDID=emulator-5554, javascriptEnabled=true, locationContextEnabled=false, networkConnectionEnabled=true, pixelRatio=2, platform=LINUX, platformName=android, platformVersion=8.0.0, statBarHeight=48, takesScreenshot=true, viewportRect={left=0, top=48, width=720, height=1136}, warnings={}, webStorageEnabled=false}
[log/androidemulator-5554 INFO ] 2020-12-16 15:16:48.010 BaseTest:157 - log path : log/androidemulator-5554
[log/androidemulator-5554 INFO ] 2020-12-16 15:16:48.013 BaseTest:162 - logconfig.properties
[log/androidemulator-5554 INFO ] 2020-12-16 15:16:48.015 BaseTest:167 - logstrings/strings.xml
[log/androidemulator-5554 INFO ] 2020-12-16 15:16:54.443 BaseTest:178 - driver initialized : io.appium.java_client.android.AndroidDriver, Capabilities: {appActivity=com.woowahan.vn.baemin.MainActivity, appPackage=com.woowahan.vn.baemin.dev, databaseEnabled=false, desired={platformName=android, appActivity=com.woowahan.vn.baemin.MainActivity, appPackage=com.woowahan.vn.baemin.dev, deviceName=emulator-5554}, deviceApiLevel=26, deviceManufacturer=Google, deviceModel=Android SDK built for x86, deviceName=emulator-5554, deviceScreenDensity=320, deviceScreenSize=720x1280, deviceUDID=emulator-5554, javascriptEnabled=true, locationContextEnabled=false, networkConnectionEnabled=true, pixelRatio=2, platform=LINUX, platformName=android, platformVersion=8.0.0, statBarHeight=48, takesScreenshot=true, viewportRect={left=0, top=48, width=720, height=1136}, warnings={}, webStorageEnabled=false}
[log/androidemulator-5554 ERROR] 2020-12-16 15:18:01.020 TestListeners:72 - java.io.PrintWriter@3017c3fa
[log/androidemulator-5554 INFO ] 2020-12-16 15:20:27.634 BaseTest:157 - log path : log/androidemulator-5554
[log/androidemulator-5554 INFO ] 2020-12-16 15:20:27.638 BaseTest:162 - logconfig.properties
[log/androidemulator-5554 INFO ] 2020-12-16 15:20:27.639 BaseTest:167 - logstrings/strings.xml
[log/androidemulator-5554 INFO ] 2020-12-16 15:20:34.817 BaseTest:178 - driver initialized : io.appium.java_client.android.AndroidDriver, Capabilities: {appActivity=com.woowahan.vn.baemin.MainActivity, appPackage=com.woowahan.vn.baemin.dev, databaseEnabled=false, desired={platformName=android, appActivity=com.woowahan.vn.baemin.MainActivity, appPackage=com.woowahan.vn.baemin.dev, deviceName=emulator-5554}, deviceApiLevel=26, deviceManufacturer=Google, deviceModel=Android SDK built for x86, deviceName=emulator-5554, deviceScreenDensity=320, deviceScreenSize=720x1280, deviceUDID=emulator-5554, javascriptEnabled=true, locationContextEnabled=false, networkConnectionEnabled=true, pixelRatio=2, platform=LINUX, platformName=android, platformVersion=8.0.0, statBarHeight=48, takesScreenshot=true, viewportRect={left=0, top=48, width=720, height=1136}, warnings={}, webStorageEnabled=false}
[log/androidemulator-5554 ERROR] 2020-12-16 15:21:40.249 TestListeners:72 - java.io.PrintWriter@58f8d73e
[log/androidemulator-5554 INFO ] 2020-12-16 15:21:54.979 BaseTest:157 - log path : log/androidemulator-5554
[log/androidemulator-5554 INFO ] 2020-12-16 15:21:54.983 BaseTest:162 - logconfig.properties
[log/androidemulator-5554 INFO ] 2020-12-16 15:21:54.984 BaseTest:167 - logstrings/strings.xml
[log/androidemulator-5554 INFO ] 2020-12-16 15:22:03.744 BaseTest:178 - driver initialized : io.appium.java_client.android.AndroidDriver, Capabilities: {appActivity=com.woowahan.vn.baemin.MainActivity, appPackage=com.woowahan.vn.baemin.dev, databaseEnabled=false, desired={platformName=android, appActivity=com.woowahan.vn.baemin.MainActivity, appPackage=com.woowahan.vn.baemin.dev, deviceName=emulator-5554}, deviceApiLevel=26, deviceManufacturer=Google, deviceModel=Android SDK built for x86, deviceName=emulator-5554, deviceScreenDensity=320, deviceScreenSize=720x1280, deviceUDID=emulator-5554, javascriptEnabled=true, locationContextEnabled=false, networkConnectionEnabled=true, pixelRatio=2, platform=LINUX, platformName=android, platformVersion=8.0.0, statBarHeight=48, takesScreenshot=true, viewportRect={left=0, top=48, width=720, height=1136}, warnings={}, webStorageEnabled=false}
[log/androidemulator-5554 ERROR] 2020-12-16 15:22:41.090 TestListeners:72 - java.io.PrintWriter@5303abf3
[log/androidemulator-5554 INFO ] 2020-12-16 15:23:15.239 BaseTest:157 - log path : log/androidemulator-5554
[log/androidemulator-5554 INFO ] 2020-12-16 15:23:15.242 BaseTest:162 - logconfig.properties
[log/androidemulator-5554 INFO ] 2020-12-16 15:23:15.243 BaseTest:167 - logstrings/strings.xml
[log/androidemulator-5554 INFO ] 2020-12-16 15:23:21.607 BaseTest:178 - driver initialized : io.appium.java_client.android.AndroidDriver, Capabilities: {appActivity=com.woowahan.vn.baemin.MainActivity, appPackage=com.woowahan.vn.baemin.dev, databaseEnabled=false, desired={platformName=android, appActivity=com.woowahan.vn.baemin.MainActivity, appPackage=com.woowahan.vn.baemin.dev, deviceName=emulator-5554}, deviceApiLevel=26, deviceManufacturer=Google, deviceModel=Android SDK built for x86, deviceName=emulator-5554, deviceScreenDensity=320, deviceScreenSize=720x1280, deviceUDID=emulator-5554, javascriptEnabled=true, locationContextEnabled=false, networkConnectionEnabled=true, pixelRatio=2, platform=LINUX, platformName=android, platformVersion=8.0.0, statBarHeight=48, takesScreenshot=true, viewportRect={left=0, top=48, width=720, height=1136}, warnings={}, webStorageEnabled=false}
[log/androidemulator-5554 INFO ] 2020-12-16 15:26:36.135 BaseTest:157 - log path : log/androidemulator-5554
[log/androidemulator-5554 INFO ] 2020-12-16 15:26:36.138 BaseTest:162 - logconfig.properties
[log/androidemulator-5554 INFO ] 2020-12-16 15:26:36.139 BaseTest:167 - logstrings/strings.xml
[log/androidemulator-5554 INFO ] 2020-12-16 15:26:43.738 BaseTest:178 - driver initialized : io.appium.java_client.android.AndroidDriver, Capabilities: {appActivity=com.woowahan.vn.baemin.MainActivity, appPackage=com.woowahan.vn.baemin.dev, databaseEnabled=false, desired={platformName=android, appActivity=com.woowahan.vn.baemin.MainActivity, appPackage=com.woowahan.vn.baemin.dev, deviceName=emulator-5554}, deviceApiLevel=26, deviceManufacturer=Google, deviceModel=Android SDK built for x86, deviceName=emulator-5554, deviceScreenDensity=320, deviceScreenSize=720x1280, deviceUDID=emulator-5554, javascriptEnabled=true, locationContextEnabled=false, networkConnectionEnabled=true, pixelRatio=2, platform=LINUX, platformName=android, platformVersion=8.0.0, statBarHeight=48, takesScreenshot=true, viewportRect={left=0, top=48, width=720, height=1136}, warnings={}, webStorageEnabled=false}
