[log/androidemulator-5554 INFO ] 2020-11-25 13:56:04.049 BaseTest:155 - log path : log/androidemulator-5554
[log/androidemulator-5554 INFO ] 2020-11-25 13:56:04.054 BaseTest:160 - logconfig.properties
[log/androidemulator-5554 INFO ] 2020-11-25 13:56:04.054 BaseTest:165 - logstrings/strings.xml
[log/androidemulator-5554 INFO ] 2020-11-25 13:56:16.110 BaseTest:176 - driver initialized : io.appium.java_client.android.AndroidDriver, Capabilities: {appActivity=com.woowahan.vn.baemin.MainActivity, appPackage=com.woowahan.vn.baemin.dev, databaseEnabled=false, desired={platformName=android, appActivity=com.woowahan.vn.baemin.MainActivity, appPackage=com.woowahan.vn.baemin.dev, deviceName=emulator-5554}, deviceApiLevel=26, deviceManufacturer=Google, deviceModel=Android SDK built for x86, deviceName=emulator-5554, deviceScreenDensity=320, deviceScreenSize=720x1280, deviceUDID=emulator-5554, javascriptEnabled=true, locationContextEnabled=false, networkConnectionEnabled=true, pixelRatio=2, platform=LINUX, platformName=android, platformVersion=8.0.0, statBarHeight=48, takesScreenshot=true, viewportRect={left=0, top=48, width=720, height=1136}, warnings={}, webStorageEnabled=false}
[log/androidemulator-5554 ERROR] 2020-11-25 13:56:18.359 TestListeners:45 - 
[log/androidemulator-5554 INFO ] 2020-11-25 13:57:34.120 BaseTest:155 - log path : log/androidemulator-5554
[log/androidemulator-5554 INFO ] 2020-11-25 13:57:34.124 BaseTest:160 - logconfig.properties
[log/androidemulator-5554 INFO ] 2020-11-25 13:57:34.125 BaseTest:165 - logstrings/strings.xml
[log/androidemulator-5554 INFO ] 2020-11-25 13:57:40.708 BaseTest:176 - driver initialized : io.appium.java_client.android.AndroidDriver, Capabilities: {appActivity=com.woowahan.vn.baemin.MainActivity, appPackage=com.woowahan.vn.baemin.dev, databaseEnabled=false, desired={platformName=android, appActivity=com.woowahan.vn.baemin.MainActivity, appPackage=com.woowahan.vn.baemin.dev, deviceName=emulator-5554}, deviceApiLevel=26, deviceManufacturer=Google, deviceModel=Android SDK built for x86, deviceName=emulator-5554, deviceScreenDensity=320, deviceScreenSize=720x1280, deviceUDID=emulator-5554, javascriptEnabled=true, locationContextEnabled=false, networkConnectionEnabled=true, pixelRatio=2, platform=LINUX, platformName=android, platformVersion=8.0.0, statBarHeight=48, takesScreenshot=true, viewportRect={left=0, top=48, width=720, height=1136}, warnings={}, webStorageEnabled=false}
[log/androidemulator-5554 ERROR] 2020-11-25 13:57:42.915 TestListeners:45 - 
[log/androidemulator-5554 INFO ] 2020-11-25 13:58:52.131 BaseTest:155 - log path : log/androidemulator-5554
[log/androidemulator-5554 INFO ] 2020-11-25 13:58:52.136 BaseTest:160 - logconfig.properties
[log/androidemulator-5554 INFO ] 2020-11-25 13:58:52.137 BaseTest:165 - logstrings/strings.xml
[log/androidemulator-5554 INFO ] 2020-11-25 13:58:58.364 BaseTest:176 - driver initialized : io.appium.java_client.android.AndroidDriver, Capabilities: {appActivity=com.woowahan.vn.baemin.MainActivity, appPackage=com.woowahan.vn.baemin.dev, databaseEnabled=false, desired={platformName=android, appActivity=com.woowahan.vn.baemin.MainActivity, appPackage=com.woowahan.vn.baemin.dev, deviceName=emulator-5554}, deviceApiLevel=26, deviceManufacturer=Google, deviceModel=Android SDK built for x86, deviceName=emulator-5554, deviceScreenDensity=320, deviceScreenSize=720x1280, deviceUDID=emulator-5554, javascriptEnabled=true, locationContextEnabled=false, networkConnectionEnabled=true, pixelRatio=2, platform=LINUX, platformName=android, platformVersion=8.0.0, statBarHeight=48, takesScreenshot=true, viewportRect={left=0, top=48, width=720, height=1136}, warnings={}, webStorageEnabled=false}
[log/androidemulator-5554 ERROR] 2020-11-25 13:59:00.446 TestListeners:45 - 
[log/androidemulator-5554 INFO ] 2020-11-25 14:00:28.369 BaseTest:155 - log path : log/androidemulator-5554
[log/androidemulator-5554 INFO ] 2020-11-25 14:00:28.372 BaseTest:160 - logconfig.properties
[log/androidemulator-5554 INFO ] 2020-11-25 14:00:28.373 BaseTest:165 - logstrings/strings.xml
[log/androidemulator-5554 INFO ] 2020-11-25 14:00:34.318 BaseTest:176 - driver initialized : io.appium.java_client.android.AndroidDriver, Capabilities: {appActivity=com.woowahan.vn.baemin.MainActivity, appPackage=com.woowahan.vn.baemin.dev, databaseEnabled=false, desired={platformName=android, appActivity=com.woowahan.vn.baemin.MainActivity, appPackage=com.woowahan.vn.baemin.dev, deviceName=emulator-5554}, deviceApiLevel=26, deviceManufacturer=Google, deviceModel=Android SDK built for x86, deviceName=emulator-5554, deviceScreenDensity=320, deviceScreenSize=720x1280, deviceUDID=emulator-5554, javascriptEnabled=true, locationContextEnabled=false, networkConnectionEnabled=true, pixelRatio=2, platform=LINUX, platformName=android, platformVersion=8.0.0, statBarHeight=48, takesScreenshot=true, viewportRect={left=0, top=48, width=720, height=1136}, warnings={}, webStorageEnabled=false}
[log/androidemulator-5554 ERROR] 2020-11-25 14:00:36.711 TestListeners:45 - 
[log/androidemulator-5554 INFO ] 2020-11-25 14:06:17.343 BaseTest:155 - log path : log/androidemulator-5554
[log/androidemulator-5554 INFO ] 2020-11-25 14:06:17.346 BaseTest:160 - logconfig.properties
[log/androidemulator-5554 INFO ] 2020-11-25 14:06:17.347 BaseTest:165 - logstrings/strings.xml
[log/androidemulator-5554 INFO ] 2020-11-25 14:06:26.717 BaseTest:176 - driver initialized : io.appium.java_client.android.AndroidDriver, Capabilities: {appActivity=com.woowahan.vn.baemin.MainActivity, appPackage=com.woowahan.vn.baemin.dev, databaseEnabled=false, desired={platformName=android, appActivity=com.woowahan.vn.baemin.MainActivity, appPackage=com.woowahan.vn.baemin.dev, deviceName=emulator-5554}, deviceApiLevel=26, deviceManufacturer=Google, deviceModel=Android SDK built for x86, deviceName=emulator-5554, deviceScreenDensity=320, deviceScreenSize=720x1280, deviceUDID=emulator-5554, javascriptEnabled=true, locationContextEnabled=false, networkConnectionEnabled=true, pixelRatio=2, platform=LINUX, platformName=android, platformVersion=8.0.0, statBarHeight=48, takesScreenshot=true, viewportRect={left=0, top=48, width=720, height=1136}, warnings={}, webStorageEnabled=false}
[log/androidemulator-5554 ERROR] 2020-11-25 14:06:26.849 TestListeners:45 - 
[log/androidemulator-5554 INFO ] 2020-11-25 14:06:50.218 BaseTest:155 - log path : log/androidemulator-5554
[log/androidemulator-5554 INFO ] 2020-11-25 14:06:50.221 BaseTest:160 - logconfig.properties
[log/androidemulator-5554 INFO ] 2020-11-25 14:06:50.222 BaseTest:165 - logstrings/strings.xml
[log/androidemulator-5554 INFO ] 2020-11-25 14:06:56.200 BaseTest:176 - driver initialized : io.appium.java_client.android.AndroidDriver, Capabilities: {appActivity=com.woowahan.vn.baemin.MainActivity, appPackage=com.woowahan.vn.baemin.dev, databaseEnabled=false, desired={platformName=android, appActivity=com.woowahan.vn.baemin.MainActivity, appPackage=com.woowahan.vn.baemin.dev, deviceName=emulator-5554}, deviceApiLevel=26, deviceManufacturer=Google, deviceModel=Android SDK built for x86, deviceName=emulator-5554, deviceScreenDensity=320, deviceScreenSize=720x1280, deviceUDID=emulator-5554, javascriptEnabled=true, locationContextEnabled=false, networkConnectionEnabled=true, pixelRatio=2, platform=LINUX, platformName=android, platformVersion=8.0.0, statBarHeight=48, takesScreenshot=true, viewportRect={left=0, top=48, width=720, height=1136}, warnings={}, webStorageEnabled=false}
[log/androidemulator-5554 INFO ] 2020-11-25 14:07:01.316 BaseTest:211 - Click Button Explore More
[log/androidemulator-5554 INFO ] 2020-11-25 14:07:03.258 BaseTest:211 - Click button next
[log/androidemulator-5554 INFO ] 2020-11-25 14:07:05.191 BaseTest:211 - click button permission
[log/androidemulator-5554 INFO ] 2020-11-25 14:07:06.364 BaseTest:211 - click button allow notification
[log/androidemulator-5554 INFO ] 2020-11-25 14:07:08.482 BaseTest:211 - click button explore more now
[log/androidemulator-5554 ERROR] 2020-11-25 14:07:18.628 TestListeners:45 - 
[log/androidemulator-5554 INFO ] 2020-11-25 14:08:17.488 BaseTest:155 - log path : log/androidemulator-5554
[log/androidemulator-5554 INFO ] 2020-11-25 14:08:17.491 BaseTest:160 - logconfig.properties
[log/androidemulator-5554 INFO ] 2020-11-25 14:08:17.492 BaseTest:165 - logstrings/strings.xml
[log/androidemulator-5554 INFO ] 2020-11-25 14:08:23.549 BaseTest:176 - driver initialized : io.appium.java_client.android.AndroidDriver, Capabilities: {appActivity=com.woowahan.vn.baemin.MainActivity, appPackage=com.woowahan.vn.baemin.dev, databaseEnabled=false, desired={platformName=android, appActivity=com.woowahan.vn.baemin.MainActivity, appPackage=com.woowahan.vn.baemin.dev, deviceName=emulator-5554}, deviceApiLevel=26, deviceManufacturer=Google, deviceModel=Android SDK built for x86, deviceName=emulator-5554, deviceScreenDensity=320, deviceScreenSize=720x1280, deviceUDID=emulator-5554, javascriptEnabled=true, locationContextEnabled=false, networkConnectionEnabled=true, pixelRatio=2, platform=LINUX, platformName=android, platformVersion=8.0.0, statBarHeight=48, takesScreenshot=true, viewportRect={left=0, top=48, width=720, height=1136}, warnings={}, webStorageEnabled=false}
[log/androidemulator-5554 INFO ] 2020-11-25 14:08:27.847 BaseTest:211 - Click Button Explore More
[log/androidemulator-5554 INFO ] 2020-11-25 14:08:29.755 BaseTest:211 - Click button next
[log/androidemulator-5554 INFO ] 2020-11-25 14:08:31.697 BaseTest:211 - click button permission
[log/androidemulator-5554 INFO ] 2020-11-25 14:08:32.669 BaseTest:211 - click button allow notification
[log/androidemulator-5554 INFO ] 2020-11-25 14:08:34.744 BaseTest:211 - click button explore more now
[log/androidemulator-5554 ERROR] 2020-11-25 14:08:46.840 TestListeners:45 - 
[log/androidemulator-5554 INFO ] 2020-11-25 14:15:53.021 BaseTest:155 - log path : log/androidemulator-5554
[log/androidemulator-5554 INFO ] 2020-11-25 14:15:53.024 BaseTest:160 - logconfig.properties
[log/androidemulator-5554 INFO ] 2020-11-25 14:15:53.025 BaseTest:165 - logstrings/strings.xml
[log/androidemulator-5554 INFO ] 2020-11-25 14:15:59.144 BaseTest:176 - driver initialized : io.appium.java_client.android.AndroidDriver, Capabilities: {appActivity=com.woowahan.vn.baemin.MainActivity, appPackage=com.woowahan.vn.baemin.dev, databaseEnabled=false, desired={platformName=android, appActivity=com.woowahan.vn.baemin.MainActivity, appPackage=com.woowahan.vn.baemin.dev, deviceName=emulator-5554}, deviceApiLevel=26, deviceManufacturer=Google, deviceModel=Android SDK built for x86, deviceName=emulator-5554, deviceScreenDensity=320, deviceScreenSize=720x1280, deviceUDID=emulator-5554, javascriptEnabled=true, locationContextEnabled=false, networkConnectionEnabled=true, pixelRatio=2, platform=LINUX, platformName=android, platformVersion=8.0.0, statBarHeight=48, takesScreenshot=true, viewportRect={left=0, top=48, width=720, height=1136}, warnings={}, webStorageEnabled=false}
[log/androidemulator-5554 INFO ] 2020-11-25 14:16:03.487 BaseTest:211 - Click Button Explore More
[log/androidemulator-5554 INFO ] 2020-11-25 14:16:05.476 BaseTest:211 - Click button next
[log/androidemulator-5554 INFO ] 2020-11-25 14:16:07.419 BaseTest:211 - click button permission
[log/androidemulator-5554 INFO ] 2020-11-25 14:16:08.425 BaseTest:211 - click button allow notification
[log/androidemulator-5554 INFO ] 2020-11-25 14:16:10.524 BaseTest:211 - click button explore more now
[log/androidemulator-5554 ERROR] 2020-11-25 14:16:21.248 TestListeners:45 - 
[log/androidemulator-5554 INFO ] 2020-11-25 14:16:36.619 BaseTest:155 - log path : log/androidemulator-5554
[log/androidemulator-5554 INFO ] 2020-11-25 14:16:36.621 BaseTest:160 - logconfig.properties
[log/androidemulator-5554 INFO ] 2020-11-25 14:16:36.622 BaseTest:165 - logstrings/strings.xml
[log/androidemulator-5554 INFO ] 2020-11-25 14:16:43.213 BaseTest:176 - driver initialized : io.appium.java_client.android.AndroidDriver, Capabilities: {appActivity=com.woowahan.vn.baemin.MainActivity, appPackage=com.woowahan.vn.baemin.dev, databaseEnabled=false, desired={platformName=android, appActivity=com.woowahan.vn.baemin.MainActivity, appPackage=com.woowahan.vn.baemin.dev, deviceName=emulator-5554}, deviceApiLevel=26, deviceManufacturer=Google, deviceModel=Android SDK built for x86, deviceName=emulator-5554, deviceScreenDensity=320, deviceScreenSize=720x1280, deviceUDID=emulator-5554, javascriptEnabled=true, locationContextEnabled=false, networkConnectionEnabled=true, pixelRatio=2, platform=LINUX, platformName=android, platformVersion=8.0.0, statBarHeight=48, takesScreenshot=true, viewportRect={left=0, top=48, width=720, height=1136}, warnings={}, webStorageEnabled=false}
[log/androidemulator-5554 INFO ] 2020-11-25 14:16:47.630 BaseTest:211 - Click Button Explore More
[log/androidemulator-5554 INFO ] 2020-11-25 14:16:49.594 BaseTest:211 - Click button next
[log/androidemulator-5554 INFO ] 2020-11-25 14:16:51.561 BaseTest:211 - click button permission
[log/androidemulator-5554 INFO ] 2020-11-25 14:16:52.525 BaseTest:211 - click button allow notification
[log/androidemulator-5554 INFO ] 2020-11-25 14:16:54.573 BaseTest:211 - click button explore more now
[log/androidemulator-5554 INFO ] 2020-11-25 14:18:00.174 BaseTest:155 - log path : log/androidemulator-5554
[log/androidemulator-5554 INFO ] 2020-11-25 14:18:00.178 BaseTest:160 - logconfig.properties
[log/androidemulator-5554 INFO ] 2020-11-25 14:18:00.178 BaseTest:165 - logstrings/strings.xml
[log/androidemulator-5554 INFO ] 2020-11-25 14:18:06.811 BaseTest:176 - driver initialized : io.appium.java_client.android.AndroidDriver, Capabilities: {appActivity=com.woowahan.vn.baemin.MainActivity, appPackage=com.woowahan.vn.baemin.dev, databaseEnabled=false, desired={platformName=android, appActivity=com.woowahan.vn.baemin.MainActivity, appPackage=com.woowahan.vn.baemin.dev, deviceName=emulator-5554}, deviceApiLevel=26, deviceManufacturer=Google, deviceModel=Android SDK built for x86, deviceName=emulator-5554, deviceScreenDensity=320, deviceScreenSize=720x1280, deviceUDID=emulator-5554, javascriptEnabled=true, locationContextEnabled=false, networkConnectionEnabled=true, pixelRatio=2, platform=LINUX, platformName=android, platformVersion=8.0.0, statBarHeight=48, takesScreenshot=true, viewportRect={left=0, top=48, width=720, height=1136}, warnings={}, webStorageEnabled=false}
[log/androidemulator-5554 ERROR] 2020-11-25 14:18:09.263 TestListeners:45 - 
[log/androidemulator-5554 INFO ] 2020-11-25 14:25:45.963 BaseTest:155 - log path : log/androidemulator-5554
[log/androidemulator-5554 INFO ] 2020-11-25 14:25:45.966 BaseTest:160 - logconfig.properties
[log/androidemulator-5554 INFO ] 2020-11-25 14:25:45.967 BaseTest:165 - logstrings/strings.xml
[log/androidemulator-5554 INFO ] 2020-11-25 14:25:52.257 BaseTest:176 - driver initialized : io.appium.java_client.android.AndroidDriver, Capabilities: {appActivity=com.woowahan.vn.baemin.MainActivity, appPackage=com.woowahan.vn.baemin.dev, databaseEnabled=false, desired={platformName=android, appActivity=com.woowahan.vn.baemin.MainActivity, appPackage=com.woowahan.vn.baemin.dev, deviceName=emulator-5554}, deviceApiLevel=26, deviceManufacturer=Google, deviceModel=Android SDK built for x86, deviceName=emulator-5554, deviceScreenDensity=320, deviceScreenSize=720x1280, deviceUDID=emulator-5554, javascriptEnabled=true, locationContextEnabled=false, networkConnectionEnabled=true, pixelRatio=2, platform=LINUX, platformName=android, platformVersion=8.0.0, statBarHeight=48, takesScreenshot=true, viewportRect={left=0, top=48, width=720, height=1136}, warnings={}, webStorageEnabled=false}
[log/androidemulator-5554 INFO ] 2020-11-25 14:25:58.747 BaseTest:211 - Click Button Explore More
[log/androidemulator-5554 ERROR] 2020-11-25 14:25:58.756 TestListeners:45 - 
[log/androidemulator-5554 INFO ] 2020-11-25 14:29:56.380 BaseTest:155 - log path : log/androidemulator-5554
[log/androidemulator-5554 INFO ] 2020-11-25 14:29:56.383 BaseTest:160 - logconfig.properties
[log/androidemulator-5554 INFO ] 2020-11-25 14:29:56.384 BaseTest:165 - logstrings/strings.xml
[log/androidemulator-5554 INFO ] 2020-11-25 14:30:03.768 BaseTest:176 - driver initialized : io.appium.java_client.android.AndroidDriver, Capabilities: {appActivity=com.woowahan.vn.baemin.MainActivity, appPackage=com.woowahan.vn.baemin.dev, databaseEnabled=false, desired={platformName=android, appActivity=com.woowahan.vn.baemin.MainActivity, appPackage=com.woowahan.vn.baemin.dev, deviceName=emulator-5554}, deviceApiLevel=26, deviceManufacturer=Google, deviceModel=Android SDK built for x86, deviceName=emulator-5554, deviceScreenDensity=320, deviceScreenSize=720x1280, deviceUDID=emulator-5554, javascriptEnabled=true, locationContextEnabled=false, networkConnectionEnabled=true, pixelRatio=2, platform=LINUX, platformName=android, platformVersion=8.0.0, statBarHeight=48, takesScreenshot=true, viewportRect={left=0, top=48, width=720, height=1136}, warnings={}, webStorageEnabled=false}
[log/androidemulator-5554 INFO ] 2020-11-25 14:30:10.898 BaseTest:211 - Click Button Explore More
[log/androidemulator-5554 ERROR] 2020-11-25 14:30:10.910 TestListeners:45 - 
[log/androidemulator-5554 INFO ] 2020-11-25 14:36:11.029 BaseTest:155 - log path : log/androidemulator-5554
[log/androidemulator-5554 INFO ] 2020-11-25 14:36:11.032 BaseTest:160 - logconfig.properties
[log/androidemulator-5554 INFO ] 2020-11-25 14:36:11.033 BaseTest:165 - logstrings/strings.xml
[log/androidemulator-5554 INFO ] 2020-11-25 14:36:18.481 BaseTest:176 - driver initialized : io.appium.java_client.android.AndroidDriver, Capabilities: {appActivity=com.woowahan.vn.baemin.MainActivity, appPackage=com.woowahan.vn.baemin.dev, databaseEnabled=false, desired={platformName=android, appActivity=com.woowahan.vn.baemin.MainActivity, appPackage=com.woowahan.vn.baemin.dev, deviceName=emulator-5554}, deviceApiLevel=26, deviceManufacturer=Google, deviceModel=Android SDK built for x86, deviceName=emulator-5554, deviceScreenDensity=320, deviceScreenSize=720x1280, deviceUDID=emulator-5554, javascriptEnabled=true, locationContextEnabled=false, networkConnectionEnabled=true, pixelRatio=2, platform=LINUX, platformName=android, platformVersion=8.0.0, statBarHeight=48, takesScreenshot=true, viewportRect={left=0, top=48, width=720, height=1136}, warnings={}, webStorageEnabled=false}
[log/androidemulator-5554 INFO ] 2020-11-25 14:36:25.194 BaseTest:211 - Click Button Explore More
[log/androidemulator-5554 ERROR] 2020-11-25 14:36:25.204 TestListeners:45 - 
[log/androidemulator-5554 INFO ] 2020-11-25 14:37:24.358 BaseTest:155 - log path : log/androidemulator-5554
[log/androidemulator-5554 INFO ] 2020-11-25 14:37:24.362 BaseTest:160 - logconfig.properties
[log/androidemulator-5554 INFO ] 2020-11-25 14:37:24.363 BaseTest:165 - logstrings/strings.xml
[log/androidemulator-5554 INFO ] 2020-11-25 14:37:31.039 BaseTest:176 - driver initialized : io.appium.java_client.android.AndroidDriver, Capabilities: {appActivity=com.woowahan.vn.baemin.MainActivity, appPackage=com.woowahan.vn.baemin.dev, databaseEnabled=false, desired={platformName=android, appActivity=com.woowahan.vn.baemin.MainActivity, appPackage=com.woowahan.vn.baemin.dev, deviceName=emulator-5554}, deviceApiLevel=26, deviceManufacturer=Google, deviceModel=Android SDK built for x86, deviceName=emulator-5554, deviceScreenDensity=320, deviceScreenSize=720x1280, deviceUDID=emulator-5554, javascriptEnabled=true, locationContextEnabled=false, networkConnectionEnabled=true, pixelRatio=2, platform=LINUX, platformName=android, platformVersion=8.0.0, statBarHeight=48, takesScreenshot=true, viewportRect={left=0, top=48, width=720, height=1136}, warnings={}, webStorageEnabled=false}
[log/androidemulator-5554 INFO ] 2020-11-25 14:37:44.237 BaseTest:211 - click button Login/Sign up
[log/androidemulator-5554 INFO ] 2020-11-25 14:37:45.860 BaseTest:211 - Click button by phone
[log/androidemulator-5554 INFO ] 2020-11-25 14:37:47.268 BaseTest:221 - Input phone number 
[log/androidemulator-5554 INFO ] 2020-11-25 14:37:48.058 BaseTest:211 - Click button next
[log/androidemulator-5554 INFO ] 2020-11-25 14:37:48.911 BaseTest:221 -  Input password
[log/androidemulator-5554 ERROR] 2020-11-25 14:37:50.479 TestListeners:45 - 
[log/androidemulator-5554 INFO ] 2020-11-25 14:39:50.153 BaseTest:155 - log path : log/androidemulator-5554
[log/androidemulator-5554 INFO ] 2020-11-25 14:39:50.157 BaseTest:160 - logconfig.properties
[log/androidemulator-5554 INFO ] 2020-11-25 14:39:50.158 BaseTest:165 - logstrings/strings.xml
[log/androidemulator-5554 INFO ] 2020-11-25 14:39:57.986 BaseTest:176 - driver initialized : io.appium.java_client.android.AndroidDriver, Capabilities: {appActivity=com.woowahan.vn.baemin.MainActivity, appPackage=com.woowahan.vn.baemin.dev, databaseEnabled=false, desired={platformName=android, appActivity=com.woowahan.vn.baemin.MainActivity, appPackage=com.woowahan.vn.baemin.dev, deviceName=emulator-5554}, deviceApiLevel=26, deviceManufacturer=Google, deviceModel=Android SDK built for x86, deviceName=emulator-5554, deviceScreenDensity=320, deviceScreenSize=720x1280, deviceUDID=emulator-5554, javascriptEnabled=true, locationContextEnabled=false, networkConnectionEnabled=true, pixelRatio=2, platform=LINUX, platformName=android, platformVersion=8.0.0, statBarHeight=48, takesScreenshot=true, viewportRect={left=0, top=48, width=720, height=1136}, warnings={}, webStorageEnabled=false}
[log/androidemulator-5554 INFO ] 2020-11-25 14:40:11.809 BaseTest:211 - click button Login/Sign up
[log/androidemulator-5554 INFO ] 2020-11-25 14:40:13.489 BaseTest:211 - Click button by phone
[log/androidemulator-5554 INFO ] 2020-11-25 14:40:14.894 BaseTest:221 - Input phone number 
[log/androidemulator-5554 INFO ] 2020-11-25 14:40:15.702 BaseTest:211 - Click button next
[log/androidemulator-5554 INFO ] 2020-11-25 14:40:16.603 BaseTest:221 -  Input password
[log/androidemulator-5554 ERROR] 2020-11-25 14:40:17.719 TestListeners:45 - 
[log/androidemulator-5554 INFO ] 2020-11-25 14:42:44.124 BaseTest:155 - log path : log/androidemulator-5554
[log/androidemulator-5554 INFO ] 2020-11-25 14:42:44.127 BaseTest:160 - logconfig.properties
[log/androidemulator-5554 INFO ] 2020-11-25 14:42:44.128 BaseTest:165 - logstrings/strings.xml
[log/androidemulator-5554 INFO ] 2020-11-25 14:42:52.133 BaseTest:176 - driver initialized : io.appium.java_client.android.AndroidDriver, Capabilities: {appActivity=com.woowahan.vn.baemin.MainActivity, appPackage=com.woowahan.vn.baemin.dev, databaseEnabled=false, desired={platformName=android, appActivity=com.woowahan.vn.baemin.MainActivity, appPackage=com.woowahan.vn.baemin.dev, deviceName=emulator-5554}, deviceApiLevel=26, deviceManufacturer=Google, deviceModel=Android SDK built for x86, deviceName=emulator-5554, deviceScreenDensity=320, deviceScreenSize=720x1280, deviceUDID=emulator-5554, javascriptEnabled=true, locationContextEnabled=false, networkConnectionEnabled=true, pixelRatio=2, platform=LINUX, platformName=android, platformVersion=8.0.0, statBarHeight=48, takesScreenshot=true, viewportRect={left=0, top=48, width=720, height=1136}, warnings={}, webStorageEnabled=false}
[log/androidemulator-5554 INFO ] 2020-11-25 14:43:05.443 BaseTest:211 - click button Login/Sign up
[log/androidemulator-5554 INFO ] 2020-11-25 14:43:07.235 BaseTest:211 - Click button by phone
[log/androidemulator-5554 INFO ] 2020-11-25 14:43:08.842 BaseTest:221 - Input phone number 
[log/androidemulator-5554 INFO ] 2020-11-25 14:43:10.104 BaseTest:211 - Click button next
[log/androidemulator-5554 INFO ] 2020-11-25 14:43:11.011 BaseTest:221 -  Input password
[log/androidemulator-5554 ERROR] 2020-11-25 14:43:11.902 TestListeners:45 - 
[log/androidemulator-5554 INFO ] 2020-11-25 14:47:21.327 BaseTest:155 - log path : log/androidemulator-5554
[log/androidemulator-5554 INFO ] 2020-11-25 14:47:21.330 BaseTest:160 - logconfig.properties
[log/androidemulator-5554 INFO ] 2020-11-25 14:47:21.331 BaseTest:165 - logstrings/strings.xml
[log/androidemulator-5554 INFO ] 2020-11-25 14:47:29.085 BaseTest:176 - driver initialized : io.appium.java_client.android.AndroidDriver, Capabilities: {appActivity=com.woowahan.vn.baemin.MainActivity, appPackage=com.woowahan.vn.baemin.dev, databaseEnabled=false, desired={platformName=android, appActivity=com.woowahan.vn.baemin.MainActivity, appPackage=com.woowahan.vn.baemin.dev, deviceName=emulator-5554}, deviceApiLevel=26, deviceManufacturer=Google, deviceModel=Android SDK built for x86, deviceName=emulator-5554, deviceScreenDensity=320, deviceScreenSize=720x1280, deviceUDID=emulator-5554, javascriptEnabled=true, locationContextEnabled=false, networkConnectionEnabled=true, pixelRatio=2, platform=LINUX, platformName=android, platformVersion=8.0.0, statBarHeight=48, takesScreenshot=true, viewportRect={left=0, top=48, width=720, height=1136}, warnings={}, webStorageEnabled=false}
[log/androidemulator-5554 INFO ] 2020-11-25 14:47:45.629 BaseTest:222 - Input phone number 
[log/androidemulator-5554 INFO ] 2020-11-25 14:47:46.936 BaseTest:211 - Click button next
[log/androidemulator-5554 INFO ] 2020-11-25 14:47:48.139 BaseTest:222 -  Input password
[log/androidemulator-5554 ERROR] 2020-11-25 14:47:49.207 TestListeners:45 - 
[log/androidemulator-5554 INFO ] 2020-11-25 14:51:11.890 BaseTest:155 - log path : log/androidemulator-5554
[log/androidemulator-5554 INFO ] 2020-11-25 14:51:11.896 BaseTest:160 - logconfig.properties
[log/androidemulator-5554 INFO ] 2020-11-25 14:51:11.897 BaseTest:165 - logstrings/strings.xml
[log/androidemulator-5554 INFO ] 2020-11-25 14:51:18.311 BaseTest:176 - driver initialized : io.appium.java_client.android.AndroidDriver, Capabilities: {appActivity=com.woowahan.vn.baemin.MainActivity, appPackage=com.woowahan.vn.baemin.dev, databaseEnabled=false, desired={platformName=android, appActivity=com.woowahan.vn.baemin.MainActivity, appPackage=com.woowahan.vn.baemin.dev, deviceName=emulator-5554}, deviceApiLevel=26, deviceManufacturer=Google, deviceModel=Android SDK built for x86, deviceName=emulator-5554, deviceScreenDensity=320, deviceScreenSize=720x1280, deviceUDID=emulator-5554, javascriptEnabled=true, locationContextEnabled=false, networkConnectionEnabled=true, pixelRatio=2, platform=LINUX, platformName=android, platformVersion=8.0.0, statBarHeight=48, takesScreenshot=true, viewportRect={left=0, top=48, width=720, height=1136}, warnings={}, webStorageEnabled=false}
[log/androidemulator-5554 INFO ] 2020-11-25 14:51:34.652 BaseTest:222 - Input phone number 
[log/androidemulator-5554 INFO ] 2020-11-25 14:51:35.949 BaseTest:211 - Click button next
[log/androidemulator-5554 INFO ] 2020-11-25 14:51:37.139 BaseTest:222 -  Input password
[log/androidemulator-5554 INFO ] 2020-11-25 14:51:39.023 BaseTest:211 - Click button login
[log/androidemulator-5554 ERROR] 2020-11-25 14:51:39.128 TestListeners:45 - 
[log/androidemulator-5554 INFO ] 2020-11-25 14:53:35.188 BaseTest:155 - log path : log/androidemulator-5554
[log/androidemulator-5554 INFO ] 2020-11-25 14:53:35.192 BaseTest:160 - logconfig.properties
[log/androidemulator-5554 INFO ] 2020-11-25 14:53:35.193 BaseTest:165 - logstrings/strings.xml
[log/androidemulator-5554 INFO ] 2020-11-25 14:53:43.151 BaseTest:176 - driver initialized : io.appium.java_client.android.AndroidDriver, Capabilities: {appActivity=com.woowahan.vn.baemin.MainActivity, appPackage=com.woowahan.vn.baemin.dev, databaseEnabled=false, desired={platformName=android, appActivity=com.woowahan.vn.baemin.MainActivity, appPackage=com.woowahan.vn.baemin.dev, deviceName=emulator-5554}, deviceApiLevel=26, deviceManufacturer=Google, deviceModel=Android SDK built for x86, deviceName=emulator-5554, deviceScreenDensity=320, deviceScreenSize=720x1280, deviceUDID=emulator-5554, javascriptEnabled=true, locationContextEnabled=false, networkConnectionEnabled=true, pixelRatio=2, platform=LINUX, platformName=android, platformVersion=8.0.0, statBarHeight=48, takesScreenshot=true, viewportRect={left=0, top=48, width=720, height=1136}, warnings={}, webStorageEnabled=false}
[log/androidemulator-5554 INFO ] 2020-11-25 14:53:59.449 BaseTest:222 - Input phone number 
[log/androidemulator-5554 INFO ] 2020-11-25 14:54:01.444 BaseTest:211 - Click button next
[log/androidemulator-5554 INFO ] 2020-11-25 14:54:02.439 BaseTest:222 -  Input password
[log/androidemulator-5554 INFO ] 2020-11-25 14:54:04.153 BaseTest:211 - Click button login
[log/androidemulator-5554 ERROR] 2020-11-25 14:54:04.256 TestListeners:45 - 
[log/androidemulator-5554 INFO ] 2020-11-25 14:54:52.395 BaseTest:155 - log path : log/androidemulator-5554
[log/androidemulator-5554 INFO ] 2020-11-25 14:54:52.397 BaseTest:160 - logconfig.properties
[log/androidemulator-5554 INFO ] 2020-11-25 14:54:52.398 BaseTest:165 - logstrings/strings.xml
[log/androidemulator-5554 INFO ] 2020-11-25 14:54:59.924 BaseTest:176 - driver initialized : io.appium.java_client.android.AndroidDriver, Capabilities: {appActivity=com.woowahan.vn.baemin.MainActivity, appPackage=com.woowahan.vn.baemin.dev, databaseEnabled=false, desired={platformName=android, appActivity=com.woowahan.vn.baemin.MainActivity, appPackage=com.woowahan.vn.baemin.dev, deviceName=emulator-5554}, deviceApiLevel=26, deviceManufacturer=Google, deviceModel=Android SDK built for x86, deviceName=emulator-5554, deviceScreenDensity=320, deviceScreenSize=720x1280, deviceUDID=emulator-5554, javascriptEnabled=true, locationContextEnabled=false, networkConnectionEnabled=true, pixelRatio=2, platform=LINUX, platformName=android, platformVersion=8.0.0, statBarHeight=48, takesScreenshot=true, viewportRect={left=0, top=48, width=720, height=1136}, warnings={}, webStorageEnabled=false}
[log/androidemulator-5554 INFO ] 2020-11-25 14:55:17.032 BaseTest:222 - Input phone number 
[log/androidemulator-5554 INFO ] 2020-11-25 14:55:18.355 BaseTest:211 - Click button next
[log/androidemulator-5554 INFO ] 2020-11-25 14:55:19.381 BaseTest:222 -  Input password
[log/androidemulator-5554 INFO ] 2020-11-25 14:55:21.204 BaseTest:211 - Click button login
[log/androidemulator-5554 ERROR] 2020-11-25 14:55:21.292 TestListeners:45 - 
[log/androidemulator-5554 INFO ] 2020-11-25 14:55:38.851 BaseTest:222 - Input phone number 
[log/androidemulator-5554 INFO ] 2020-11-25 14:55:40.622 BaseTest:211 - Click button next
[log/androidemulator-5554 INFO ] 2020-11-25 14:55:43.093 BaseTest:222 -  Input password
[log/androidemulator-5554 INFO ] 2020-11-25 14:55:44.767 BaseTest:211 - Click button login
[log/androidemulator-5554 ERROR] 2020-11-25 14:55:44.871 TestListeners:45 - 
[log/androidemulator-5554 INFO ] 2020-11-25 14:56:01.678 BaseTest:222 - Input phone number 
[log/androidemulator-5554 INFO ] 2020-11-25 14:56:03.414 BaseTest:211 - Click button next
[log/androidemulator-5554 INFO ] 2020-11-25 14:56:06.022 BaseTest:222 -  Input password
[log/androidemulator-5554 INFO ] 2020-11-25 14:56:08.112 BaseTest:211 - Click button login
[log/androidemulator-5554 INFO ] 2020-11-25 15:36:54.198 BaseTest:155 - log path : log/androidemulator-5554
[log/androidemulator-5554 INFO ] 2020-11-25 15:36:54.203 BaseTest:160 - logconfig.properties
[log/androidemulator-5554 INFO ] 2020-11-25 15:36:54.204 BaseTest:165 - logstrings/strings.xml
[log/androidemulator-5554 INFO ] 2020-11-25 15:37:02.736 BaseTest:176 - driver initialized : io.appium.java_client.android.AndroidDriver, Capabilities: {appActivity=com.woowahan.vn.baemin.MainActivity, appPackage=com.woowahan.vn.baemin.dev, databaseEnabled=false, desired={platformName=android, appActivity=com.woowahan.vn.baemin.MainActivity, appPackage=com.woowahan.vn.baemin.dev, deviceName=emulator-5554}, deviceApiLevel=26, deviceManufacturer=Google, deviceModel=Android SDK built for x86, deviceName=emulator-5554, deviceScreenDensity=320, deviceScreenSize=720x1280, deviceUDID=emulator-5554, javascriptEnabled=true, locationContextEnabled=false, networkConnectionEnabled=true, pixelRatio=2, platform=LINUX, platformName=android, platformVersion=8.0.0, statBarHeight=48, takesScreenshot=true, viewportRect={left=0, top=48, width=720, height=1136}, warnings={}, webStorageEnabled=false}
[log/androidemulator-5554 ERROR] 2020-11-25 15:37:04.821 TestListeners:45 - 
[log/androidemulator-5554 INFO ] 2020-11-25 15:44:49.045 BaseTest:155 - log path : log/androidemulator-5554
[log/androidemulator-5554 INFO ] 2020-11-25 15:44:49.048 BaseTest:160 - logconfig.properties
[log/androidemulator-5554 INFO ] 2020-11-25 15:44:49.049 BaseTest:165 - logstrings/strings.xml
[log/androidemulator-5554 INFO ] 2020-11-25 15:44:58.464 BaseTest:176 - driver initialized : io.appium.java_client.android.AndroidDriver, Capabilities: {appActivity=com.woowahan.vn.baemin.MainActivity, appPackage=com.woowahan.vn.baemin.dev, databaseEnabled=false, desired={platformName=android, appActivity=com.woowahan.vn.baemin.MainActivity, appPackage=com.woowahan.vn.baemin.dev, deviceName=emulator-5554}, deviceApiLevel=26, deviceManufacturer=Google, deviceModel=Android SDK built for x86, deviceName=emulator-5554, deviceScreenDensity=320, deviceScreenSize=720x1280, deviceUDID=emulator-5554, javascriptEnabled=true, locationContextEnabled=false, networkConnectionEnabled=true, pixelRatio=2, platform=LINUX, platformName=android, platformVersion=8.0.0, statBarHeight=48, takesScreenshot=true, viewportRect={left=0, top=48, width=720, height=1136}, warnings={}, webStorageEnabled=false}
[log/androidemulator-5554 ERROR] 2020-11-25 15:45:00.680 TestListeners:45 - 
[log/androidemulator-5554 INFO ] 2020-11-25 15:45:29.139 BaseTest:155 - log path : log/androidemulator-5554
[log/androidemulator-5554 INFO ] 2020-11-25 15:45:29.142 BaseTest:160 - logconfig.properties
[log/androidemulator-5554 INFO ] 2020-11-25 15:45:29.143 BaseTest:165 - logstrings/strings.xml
[log/androidemulator-5554 INFO ] 2020-11-25 15:45:36.930 BaseTest:176 - driver initialized : io.appium.java_client.android.AndroidDriver, Capabilities: {appActivity=com.woowahan.vn.baemin.MainActivity, appPackage=com.woowahan.vn.baemin.dev, databaseEnabled=false, desired={platformName=android, appActivity=com.woowahan.vn.baemin.MainActivity, appPackage=com.woowahan.vn.baemin.dev, deviceName=emulator-5554}, deviceApiLevel=26, deviceManufacturer=Google, deviceModel=Android SDK built for x86, deviceName=emulator-5554, deviceScreenDensity=320, deviceScreenSize=720x1280, deviceUDID=emulator-5554, javascriptEnabled=true, locationContextEnabled=false, networkConnectionEnabled=true, pixelRatio=2, platform=LINUX, platformName=android, platformVersion=8.0.0, statBarHeight=48, takesScreenshot=true, viewportRect={left=0, top=48, width=720, height=1136}, warnings={}, webStorageEnabled=false}
[log/androidemulator-5554 INFO ] 2020-11-25 15:45:53.206 BaseTest:221 - Input phone number 
[log/androidemulator-5554 ERROR] 2020-11-25 15:45:53.213 TestListeners:45 - 
[log/androidemulator-5554 INFO ] 2020-11-25 15:47:26.513 BaseTest:155 - log path : log/androidemulator-5554
[log/androidemulator-5554 INFO ] 2020-11-25 15:47:26.517 BaseTest:160 - logconfig.properties
[log/androidemulator-5554 INFO ] 2020-11-25 15:47:26.517 BaseTest:165 - logstrings/strings.xml
[log/androidemulator-5554 INFO ] 2020-11-25 15:47:32.719 BaseTest:176 - driver initialized : io.appium.java_client.android.AndroidDriver, Capabilities: {appActivity=com.woowahan.vn.baemin.MainActivity, appPackage=com.woowahan.vn.baemin.dev, databaseEnabled=false, desired={platformName=android, appActivity=com.woowahan.vn.baemin.MainActivity, appPackage=com.woowahan.vn.baemin.dev, deviceName=emulator-5554}, deviceApiLevel=26, deviceManufacturer=Google, deviceModel=Android SDK built for x86, deviceName=emulator-5554, deviceScreenDensity=320, deviceScreenSize=720x1280, deviceUDID=emulator-5554, javascriptEnabled=true, locationContextEnabled=false, networkConnectionEnabled=true, pixelRatio=2, platform=LINUX, platformName=android, platformVersion=8.0.0, statBarHeight=48, takesScreenshot=true, viewportRect={left=0, top=48, width=720, height=1136}, warnings={}, webStorageEnabled=false}
[log/androidemulator-5554 ERROR] 2020-11-25 15:48:06.807 TestListeners:45 - 
[log/androidemulator-5554 ERROR] 2020-11-25 15:48:41.012 TestListeners:45 - 
[log/androidemulator-5554 INFO ] 2020-11-25 16:00:51.616 BaseTest:155 - log path : log/androidemulator-5554
[log/androidemulator-5554 INFO ] 2020-11-25 16:00:51.621 BaseTest:160 - logconfig.properties
[log/androidemulator-5554 INFO ] 2020-11-25 16:00:51.621 BaseTest:165 - logstrings/strings.xml
[log/androidemulator-5554 INFO ] 2020-11-25 16:00:58.269 BaseTest:176 - driver initialized : io.appium.java_client.android.AndroidDriver, Capabilities: {appActivity=com.woowahan.vn.baemin.MainActivity, appPackage=com.woowahan.vn.baemin.dev, databaseEnabled=false, desired={platformName=android, appActivity=com.woowahan.vn.baemin.MainActivity, appPackage=com.woowahan.vn.baemin.dev, deviceName=emulator-5554}, deviceApiLevel=26, deviceManufacturer=Google, deviceModel=Android SDK built for x86, deviceName=emulator-5554, deviceScreenDensity=320, deviceScreenSize=720x1280, deviceUDID=emulator-5554, javascriptEnabled=true, locationContextEnabled=false, networkConnectionEnabled=true, pixelRatio=2, platform=LINUX, platformName=android, platformVersion=8.0.0, statBarHeight=48, takesScreenshot=true, viewportRect={left=0, top=48, width=720, height=1136}, warnings={}, webStorageEnabled=false}
[log/androidemulator-5554 ERROR] 2020-11-25 16:01:33.497 TestListeners:45 - 
[log/androidemulator-5554 INFO ] 2020-11-25 16:19:26.561 BaseTest:155 - log path : log/androidemulator-5554
[log/androidemulator-5554 INFO ] 2020-11-25 16:19:26.563 BaseTest:160 - logconfig.properties
[log/androidemulator-5554 INFO ] 2020-11-25 16:19:26.564 BaseTest:165 - logstrings/strings.xml
[log/androidemulator-5554 INFO ] 2020-11-25 16:19:28.265 BaseTest:178 - driver initialization failure org.openqa.selenium.SessionNotCreatedException: Unable to create a new remote session. Please check the server log for more details. Original error: An unknown server-side error occurred while processing the command. Original error: The JAVA_HOME environment variable must be set for Android Tools to work properly
Build info: version: '3.141.59', revision: 'e82be7d358', time: '2018-11-14T08:17:03'
System info: host: 'BAEMINs-MacBook-Pro.local', ip: 'fe80:0:0:0:14be:e886:5c4a:4e20%en0', os.name: 'Mac OS X', os.arch: 'x86_64', os.version: '10.15.7', java.version: '1.8.0_261'
Driver info: driver.version: AndroidDriver
remote stacktrace: UnknownError: An unknown server-side error occurred while processing the command. Original error: The JAVA_HOME environment variable must be set for Android Tools to work properly
    at getResponseForW3CError (/usr/local/lib/node_modules/appium/node_modules/appium-base-driver/lib/protocol/errors.js:804:9)
    at asyncHandler (/usr/local/lib/node_modules/appium/node_modules/appium-base-driver/lib/protocol/protocol.js:381:37)
Build info: version: '3.141.59', revision: 'e82be7d358', time: '2018-11-14T08:17:03'
System info: host: 'BAEMINs-MacBook-Pro.local', ip: 'fe80:0:0:0:14be:e886:5c4a:4e20%en0', os.name: 'Mac OS X', os.arch: 'x86_64', os.version: '10.15.7', java.version: '1.8.0_261'
Driver info: driver.version: AndroidDriver
[log/androidemulator-5554 ERROR] 2020-11-25 16:19:28.289 TestListeners:45 - 
[log/androidemulator-5554 INFO ] 2020-11-25 16:19:39.239 BaseTest:155 - log path : log/androidemulator-5554
[log/androidemulator-5554 INFO ] 2020-11-25 16:19:39.244 BaseTest:160 - logconfig.properties
[log/androidemulator-5554 INFO ] 2020-11-25 16:19:39.245 BaseTest:165 - logstrings/strings.xml
[log/androidemulator-5554 INFO ] 2020-11-25 16:19:40.274 BaseTest:178 - driver initialization failure org.openqa.selenium.SessionNotCreatedException: Unable to create a new remote session. Please check the server log for more details. Original error: An unknown server-side error occurred while processing the command. Original error: The JAVA_HOME environment variable must be set for Android Tools to work properly
Build info: version: '3.141.59', revision: 'e82be7d358', time: '2018-11-14T08:17:03'
System info: host: 'BAEMINs-MacBook-Pro.local', ip: 'fe80:0:0:0:14be:e886:5c4a:4e20%en0', os.name: 'Mac OS X', os.arch: 'x86_64', os.version: '10.15.7', java.version: '1.8.0_261'
Driver info: driver.version: AndroidDriver
remote stacktrace: UnknownError: An unknown server-side error occurred while processing the command. Original error: The JAVA_HOME environment variable must be set for Android Tools to work properly
    at getResponseForW3CError (/usr/local/lib/node_modules/appium/node_modules/appium-base-driver/lib/protocol/errors.js:804:9)
    at asyncHandler (/usr/local/lib/node_modules/appium/node_modules/appium-base-driver/lib/protocol/protocol.js:381:37)
Build info: version: '3.141.59', revision: 'e82be7d358', time: '2018-11-14T08:17:03'
System info: host: 'BAEMINs-MacBook-Pro.local', ip: 'fe80:0:0:0:14be:e886:5c4a:4e20%en0', os.name: 'Mac OS X', os.arch: 'x86_64', os.version: '10.15.7', java.version: '1.8.0_261'
Driver info: driver.version: AndroidDriver
[log/androidemulator-5554 ERROR] 2020-11-25 16:19:40.296 TestListeners:45 - 
[log/androidemulator-5554 INFO ] 2020-11-25 16:20:18.760 BaseTest:155 - log path : log/androidemulator-5554
[log/androidemulator-5554 INFO ] 2020-11-25 16:20:18.765 BaseTest:160 - logconfig.properties
[log/androidemulator-5554 INFO ] 2020-11-25 16:20:18.766 BaseTest:165 - logstrings/strings.xml
[log/androidemulator-5554 INFO ] 2020-11-25 16:20:25.180 BaseTest:176 - driver initialized : io.appium.java_client.android.AndroidDriver, Capabilities: {appActivity=com.woowahan.vn.baemin.MainActivity, appPackage=com.woowahan.vn.baemin.dev, databaseEnabled=false, desired={platformName=android, appActivity=com.woowahan.vn.baemin.MainActivity, appPackage=com.woowahan.vn.baemin.dev, deviceName=emulator-5554}, deviceApiLevel=26, deviceManufacturer=Google, deviceModel=Android SDK built for x86, deviceName=emulator-5554, deviceScreenDensity=320, deviceScreenSize=720x1280, deviceUDID=emulator-5554, javascriptEnabled=true, locationContextEnabled=false, networkConnectionEnabled=true, pixelRatio=2, platform=LINUX, platformName=android, platformVersion=8.0.0, statBarHeight=48, takesScreenshot=true, viewportRect={left=0, top=48, width=720, height=1136}, warnings={}, webStorageEnabled=false}
[log/androidemulator-5554 INFO ] 2020-11-25 16:29:13.901 BaseTest:155 - log path : log/androidemulator-5554
[log/androidemulator-5554 INFO ] 2020-11-25 16:29:13.905 BaseTest:160 - logconfig.properties
[log/androidemulator-5554 INFO ] 2020-11-25 16:29:13.905 BaseTest:165 - logstrings/strings.xml
[log/androidemulator-5554 INFO ] 2020-11-25 16:29:20.577 BaseTest:176 - driver initialized : io.appium.java_client.android.AndroidDriver, Capabilities: {appActivity=com.woowahan.vn.baemin.MainActivity, appPackage=com.woowahan.vn.baemin.dev, databaseEnabled=false, desired={platformName=android, appActivity=com.woowahan.vn.baemin.MainActivity, appPackage=com.woowahan.vn.baemin.dev, deviceName=emulator-5554}, deviceApiLevel=26, deviceManufacturer=Google, deviceModel=Android SDK built for x86, deviceName=emulator-5554, deviceScreenDensity=320, deviceScreenSize=720x1280, deviceUDID=emulator-5554, javascriptEnabled=true, locationContextEnabled=false, networkConnectionEnabled=true, pixelRatio=2, platform=LINUX, platformName=android, platformVersion=8.0.0, statBarHeight=48, takesScreenshot=true, viewportRect={left=0, top=48, width=720, height=1136}, warnings={}, webStorageEnabled=false}
[log/androidemulator-5554 ERROR] 2020-11-25 16:29:56.959 TestListeners:45 - 
[log/androidemulator-5554 INFO ] 2020-11-25 17:04:15.687 BaseTest:155 - log path : log/androidemulator-5554
[log/androidemulator-5554 INFO ] 2020-11-25 17:04:15.691 BaseTest:160 - logconfig.properties
[log/androidemulator-5554 INFO ] 2020-11-25 17:04:15.691 BaseTest:165 - logstrings/strings.xml
[log/androidemulator-5554 INFO ] 2020-11-25 17:04:24.825 BaseTest:176 - driver initialized : io.appium.java_client.android.AndroidDriver, Capabilities: {appActivity=com.woowahan.vn.baemin.MainActivity, appPackage=com.woowahan.vn.baemin.dev, databaseEnabled=false, desired={platformName=android, appActivity=com.woowahan.vn.baemin.MainActivity, appPackage=com.woowahan.vn.baemin.dev, deviceName=emulator-5554}, deviceApiLevel=26, deviceManufacturer=Google, deviceModel=Android SDK built for x86, deviceName=emulator-5554, deviceScreenDensity=320, deviceScreenSize=720x1280, deviceUDID=emulator-5554, javascriptEnabled=true, locationContextEnabled=false, networkConnectionEnabled=true, pixelRatio=2, platform=LINUX, platformName=android, platformVersion=8.0.0, statBarHeight=48, takesScreenshot=true, viewportRect={left=0, top=48, width=720, height=1136}, warnings={}, webStorageEnabled=false}
[log/androidemulator-5554 ERROR] 2020-11-25 17:04:27.165 TestListeners:45 - 
[log/androidemulator-5554 INFO ] 2020-11-25 17:13:06.466 BaseTest:155 - log path : log/androidemulator-5554
[log/androidemulator-5554 INFO ] 2020-11-25 17:13:06.469 BaseTest:160 - logconfig.properties
[log/androidemulator-5554 INFO ] 2020-11-25 17:13:06.470 BaseTest:165 - logstrings/strings.xml
[log/androidemulator-5554 INFO ] 2020-11-25 17:13:15.789 BaseTest:176 - driver initialized : io.appium.java_client.android.AndroidDriver, Capabilities: {appActivity=com.woowahan.vn.baemin.MainActivity, appPackage=com.woowahan.vn.baemin.dev, databaseEnabled=false, desired={platformName=android, appActivity=com.woowahan.vn.baemin.MainActivity, appPackage=com.woowahan.vn.baemin.dev, deviceName=emulator-5554}, deviceApiLevel=26, deviceManufacturer=Google, deviceModel=Android SDK built for x86, deviceName=emulator-5554, deviceScreenDensity=320, deviceScreenSize=720x1280, deviceUDID=emulator-5554, javascriptEnabled=true, locationContextEnabled=false, networkConnectionEnabled=true, pixelRatio=2, platform=LINUX, platformName=android, platformVersion=8.0.0, statBarHeight=48, takesScreenshot=true, viewportRect={left=0, top=48, width=720, height=1136}, warnings={}, webStorageEnabled=false}
[log/androidemulator-5554 ERROR] 2020-11-25 17:13:39.126 TestListeners:45 - 
[log/androidemulator-5554 INFO ] 2020-11-25 17:13:54.541 BaseTest:155 - log path : log/androidemulator-5554
[log/androidemulator-5554 INFO ] 2020-11-25 17:13:54.545 BaseTest:160 - logconfig.properties
[log/androidemulator-5554 INFO ] 2020-11-25 17:13:54.546 BaseTest:165 - logstrings/strings.xml
[log/androidemulator-5554 INFO ] 2020-11-25 17:14:01.984 BaseTest:176 - driver initialized : io.appium.java_client.android.AndroidDriver, Capabilities: {appActivity=com.woowahan.vn.baemin.MainActivity, appPackage=com.woowahan.vn.baemin.dev, databaseEnabled=false, desired={platformName=android, appActivity=com.woowahan.vn.baemin.MainActivity, appPackage=com.woowahan.vn.baemin.dev, deviceName=emulator-5554}, deviceApiLevel=26, deviceManufacturer=Google, deviceModel=Android SDK built for x86, deviceName=emulator-5554, deviceScreenDensity=320, deviceScreenSize=720x1280, deviceUDID=emulator-5554, javascriptEnabled=true, locationContextEnabled=false, networkConnectionEnabled=true, pixelRatio=2, platform=LINUX, platformName=android, platformVersion=8.0.0, statBarHeight=48, takesScreenshot=true, viewportRect={left=0, top=48, width=720, height=1136}, warnings={}, webStorageEnabled=false}
[log/androidemulator-5554 ERROR] 2020-11-25 17:14:24.626 TestListeners:45 - 
