[log/androidemulator-5554 INFO ] 2020-12-15 10:15:30.719 BaseTest:157 - log path : log/androidemulator-5554
[log/androidemulator-5554 INFO ] 2020-12-15 10:15:30.723 BaseTest:162 - logconfig.properties
[log/androidemulator-5554 INFO ] 2020-12-15 10:15:30.724 BaseTest:167 - logstrings/strings.xml
[log/androidemulator-5554 INFO ] 2020-12-15 10:15:32.427 BaseTest:180 - driver initialization failure org.openqa.selenium.SessionNotCreatedException: Unable to create a new remote session. Please check the server log for more details. Original error: An unknown server-side error occurred while processing the command. Original error: The JAVA_HOME environment variable must be set for Android Tools to work properly
Build info: version: '3.141.59', revision: 'e82be7d358', time: '2018-11-14T08:17:03'
System info: host: 'BAEMINs-MacBook-Pro.local', ip: '2402:800:6238:4ac5:4fe:c143:ce78:8dab%en0', os.name: 'Mac OS X', os.arch: 'x86_64', os.version: '10.15.7', java.version: '1.8.0_261'
Driver info: driver.version: AndroidDriver
remote stacktrace: UnknownError: An unknown server-side error occurred while processing the command. Original error: The JAVA_HOME environment variable must be set for Android Tools to work properly
    at getResponseForW3CError (/usr/local/lib/node_modules/appium/node_modules/appium-base-driver/lib/protocol/errors.js:804:9)
    at asyncHandler (/usr/local/lib/node_modules/appium/node_modules/appium-base-driver/lib/protocol/protocol.js:381:37)
Build info: version: '3.141.59', revision: 'e82be7d358', time: '2018-11-14T08:17:03'
System info: host: 'BAEMINs-MacBook-Pro.local', ip: '2402:800:6238:4ac5:4fe:c143:ce78:8dab%en0', os.name: 'Mac OS X', os.arch: 'x86_64', os.version: '10.15.7', java.version: '1.8.0_261'
Driver info: driver.version: AndroidDriver
[log/androidemulator-5554 ERROR] 2020-12-15 10:15:32.451 TestListeners:72 - java.io.PrintWriter@260c8b7a
[log/androidemulator-5554 INFO ] 2020-12-15 10:16:04.810 BaseTest:157 - log path : log/androidemulator-5554
[log/androidemulator-5554 INFO ] 2020-12-15 10:16:04.815 BaseTest:162 - logconfig.properties
[log/androidemulator-5554 INFO ] 2020-12-15 10:16:04.815 BaseTest:167 - logstrings/strings.xml
[log/androidemulator-5554 INFO ] 2020-12-15 10:16:13.240 BaseTest:178 - driver initialized : io.appium.java_client.android.AndroidDriver, Capabilities: {appActivity=com.woowahan.vn.baemin.MainActivity, appPackage=com.woowahan.vn.baemin.dev, databaseEnabled=false, desired={platformName=android, appActivity=com.woowahan.vn.baemin.MainActivity, appPackage=com.woowahan.vn.baemin.dev, deviceName=emulator-5554}, deviceApiLevel=26, deviceManufacturer=Google, deviceModel=Android SDK built for x86, deviceName=emulator-5554, deviceScreenDensity=320, deviceScreenSize=720x1280, deviceUDID=emulator-5554, javascriptEnabled=true, locationContextEnabled=false, networkConnectionEnabled=true, pixelRatio=2, platform=LINUX, platformName=android, platformVersion=8.0.0, statBarHeight=48, takesScreenshot=true, viewportRect={left=0, top=48, width=720, height=1136}, warnings={}, webStorageEnabled=false}
[log/androidemulator-5554 ERROR] 2020-12-15 10:16:49.727 TestListeners:72 - java.io.PrintWriter@5bc9d94f
[log/androidemulator-5554 INFO ] 2020-12-15 10:17:52.005 BaseTest:157 - log path : log/androidemulator-5554
[log/androidemulator-5554 INFO ] 2020-12-15 10:17:52.008 BaseTest:162 - logconfig.properties
[log/androidemulator-5554 INFO ] 2020-12-15 10:17:52.009 BaseTest:167 - logstrings/strings.xml
[log/androidemulator-5554 INFO ] 2020-12-15 10:17:58.326 BaseTest:178 - driver initialized : io.appium.java_client.android.AndroidDriver, Capabilities: {appActivity=com.woowahan.vn.baemin.MainActivity, appPackage=com.woowahan.vn.baemin.dev, databaseEnabled=false, desired={platformName=android, appActivity=com.woowahan.vn.baemin.MainActivity, appPackage=com.woowahan.vn.baemin.dev, deviceName=emulator-5554}, deviceApiLevel=26, deviceManufacturer=Google, deviceModel=Android SDK built for x86, deviceName=emulator-5554, deviceScreenDensity=320, deviceScreenSize=720x1280, deviceUDID=emulator-5554, javascriptEnabled=true, locationContextEnabled=false, networkConnectionEnabled=true, pixelRatio=2, platform=LINUX, platformName=android, platformVersion=8.0.0, statBarHeight=48, takesScreenshot=true, viewportRect={left=0, top=48, width=720, height=1136}, warnings={}, webStorageEnabled=false}
[log/androidemulator-5554 INFO ] 2020-12-15 10:20:36.596 BaseTest:157 - log path : log/androidemulator-5554
[log/androidemulator-5554 INFO ] 2020-12-15 10:20:36.600 BaseTest:162 - logconfig.properties
[log/androidemulator-5554 INFO ] 2020-12-15 10:20:36.601 BaseTest:167 - logstrings/strings.xml
[log/androidemulator-5554 INFO ] 2020-12-15 10:20:43.972 BaseTest:178 - driver initialized : io.appium.java_client.android.AndroidDriver, Capabilities: {appActivity=com.woowahan.vn.baemin.MainActivity, appPackage=com.woowahan.vn.baemin.dev, databaseEnabled=false, desired={platformName=android, appActivity=com.woowahan.vn.baemin.MainActivity, appPackage=com.woowahan.vn.baemin.dev, deviceName=emulator-5554}, deviceApiLevel=26, deviceManufacturer=Google, deviceModel=Android SDK built for x86, deviceName=emulator-5554, deviceScreenDensity=320, deviceScreenSize=720x1280, deviceUDID=emulator-5554, javascriptEnabled=true, locationContextEnabled=false, networkConnectionEnabled=true, pixelRatio=2, platform=LINUX, platformName=android, platformVersion=8.0.0, statBarHeight=48, takesScreenshot=true, viewportRect={left=0, top=48, width=720, height=1136}, warnings={}, webStorageEnabled=false}
[log/androidemulator-5554 INFO ] 2020-12-15 10:23:04.204 BaseTest:157 - log path : log/androidemulator-5554
[log/androidemulator-5554 INFO ] 2020-12-15 10:23:04.208 BaseTest:162 - logconfig.properties
[log/androidemulator-5554 INFO ] 2020-12-15 10:23:04.210 BaseTest:167 - logstrings/strings.xml
[log/androidemulator-5554 INFO ] 2020-12-15 10:23:10.555 BaseTest:178 - driver initialized : io.appium.java_client.android.AndroidDriver, Capabilities: {appActivity=com.woowahan.vn.baemin.MainActivity, appPackage=com.woowahan.vn.baemin.dev, databaseEnabled=false, desired={platformName=android, appActivity=com.woowahan.vn.baemin.MainActivity, appPackage=com.woowahan.vn.baemin.dev, deviceName=emulator-5554}, deviceApiLevel=26, deviceManufacturer=Google, deviceModel=Android SDK built for x86, deviceName=emulator-5554, deviceScreenDensity=320, deviceScreenSize=720x1280, deviceUDID=emulator-5554, javascriptEnabled=true, locationContextEnabled=false, networkConnectionEnabled=true, pixelRatio=2, platform=LINUX, platformName=android, platformVersion=8.0.0, statBarHeight=48, takesScreenshot=true, viewportRect={left=0, top=48, width=720, height=1136}, warnings={}, webStorageEnabled=false}
[log/androidemulator-5554 ERROR] 2020-12-15 10:23:29.878 TestListeners:72 - java.io.PrintWriter@f6a65d1
